[09:53:13] [main/INFO]: Setting user: Player482
[09:53:15] [Client thread/INFO]: LWJGL Version: 2.9.1
[09:53:24] [Client thread/INFO]: Reloading ResourceManager: Default, FMLFileResourcePack:Forge Mod Loader, FMLFileResourcePack:Minecraft Forge, FMLFileResourcePack:ElectroInductors, FMLFileResourcePack:Forge Microblocks, FMLFileResourcePack:Forge Multipart, FMLFileResourcePack:Minecraft Multipart Plugin
[09:53:27] [Sound Library Loader/INFO]: Sound engine started
[09:53:28] [Client thread/INFO]: Created: 16x16 textures/blocks-atlas
[09:53:28] [Client thread/INFO]: Created: 16x16 textures/items-atlas
[09:53:28] [Client thread/INFO]: Reloading ResourceManager: Default, FMLFileResourcePack:Forge Mod Loader, FMLFileResourcePack:Minecraft Forge, FMLFileResourcePack:ElectroInductors, FMLFileResourcePack:Forge Microblocks, FMLFileResourcePack:Forge Multipart, FMLFileResourcePack:Minecraft Multipart Plugin
[09:53:28] [Client thread/INFO]: Created: 512x256 textures/blocks-atlas
[09:53:28] [Client thread/INFO]: Created: 256x256 textures/items-atlas
[09:53:29] [Sound Library Loader/INFO]: Sound engine started
[09:53:48] [Server thread/INFO]: Starting integrated minecraft server version 1.7.10
[09:53:48] [Server thread/INFO]: Generating keypair
[09:53:48] [Server thread/INFO]: Preparing start region for level 0
[09:53:49] [Server thread/INFO]: Changing view distance to 12, from 10
[09:53:50] [Server thread/INFO]: Player482[local:E:cf4aa3eb] logged in with entity id 292 at (-160.40094236185956, 70.0, 282.69999998807907)
[09:53:50] [Server thread/INFO]: Player482 joined the game
[09:53:52] [Server thread/INFO]: Player482 has just earned the achievement [Taking Inventory]
[09:53:52] [Client thread/INFO]: [CHAT] Player482 has just earned the achievement [Taking Inventory]
[09:54:05] [Server thread/INFO]: Saving and pausing game...
[09:54:05] [Server thread/INFO]: Saving chunks for level 'New World'/Overworld
[09:54:05] [Server thread/INFO]: Saving chunks for level 'New World'/Nether
[09:54:05] [Server thread/INFO]: Saving chunks for level 'New World'/The End
