[23:43:35] [main/INFO]: Setting user: Player690
[23:43:37] [Client thread/INFO]: LWJGL Version: 2.9.1
[23:43:48] [Client thread/INFO]: Reloading ResourceManager: Default, FMLFileResourcePack:Forge Mod Loader, FMLFileResourcePack:Minecraft Forge, FMLFileResourcePack:ElectroInductors, FMLFileResourcePack:Mekanism, FMLFileResourcePack:Forge Microblocks, FMLFileResourcePack:Forge Multipart, FMLFileResourcePack:Minecraft Multipart Plugin
[23:43:51] [Sound Library Loader/INFO]: Sound engine started
[23:43:53] [Client thread/INFO]: Created: 16x16 textures/blocks-atlas
[23:43:53] [Client thread/INFO]: Created: 16x16 textures/items-atlas
[23:43:54] [Client thread/INFO]: Reloading ResourceManager: Default, FMLFileResourcePack:Forge Mod Loader, FMLFileResourcePack:Minecraft Forge, FMLFileResourcePack:ElectroInductors, FMLFileResourcePack:Mekanism, FMLFileResourcePack:Forge Microblocks, FMLFileResourcePack:Forge Multipart, FMLFileResourcePack:Minecraft Multipart Plugin
[23:43:55] [Client thread/INFO]: Created: 1024x1024 textures/blocks-atlas
[23:43:55] [Client thread/INFO]: Created: 512x256 textures/items-atlas
[23:43:56] [Sound Library Loader/INFO]: Sound engine started
[23:44:23] [Server thread/INFO]: Starting integrated minecraft server version 1.7.10
[23:44:23] [Server thread/INFO]: Generating keypair
[23:44:23] [Server thread/INFO]: Preparing start region for level 0
[23:44:24] [Server thread/INFO]: Changing view distance to 16, from 10
[23:44:25] [Server thread/INFO]: Player690[local:E:04d5813a] logged in with entity id 240 at (-271.86496865505586, 70.0, 204.7259318023752)
[23:44:25] [Server thread/INFO]: Player690 joined the game
[23:44:26] [Server thread/INFO]: Saving and pausing game...
[23:44:26] [Server thread/INFO]: Saving chunks for level 'New World'/Overworld
[23:44:26] [Server thread/INFO]: Saving chunks for level 'New World'/Nether
[23:44:26] [Server thread/INFO]: Saving chunks for level 'New World'/The End
[23:44:40] [Server thread/INFO]: Player690 has just earned the achievement [Taking Inventory]
[23:44:40] [Client thread/INFO]: [CHAT] Player690 has just earned the achievement [Taking Inventory]
