[21:53:33] [main/INFO]: Setting user: Player992
[21:53:36] [Client thread/INFO]: LWJGL Version: 2.9.1
[21:53:49] [Client thread/INFO]: Reloading ResourceManager: Default, FMLFileResourcePack:Forge Mod Loader, FMLFileResourcePack:Minecraft Forge, FMLFileResourcePack:ElectroInductors, FMLFileResourcePack:Mekanism, FMLFileResourcePack:Forge Microblocks, FMLFileResourcePack:Forge Multipart, FMLFileResourcePack:Minecraft Multipart Plugin
[21:53:52] [Sound Library Loader/INFO]: Sound engine started
[21:54:02] [Client thread/INFO]: Created: 16x16 textures/blocks-atlas
[21:54:02] [Client thread/INFO]: Created: 16x16 textures/items-atlas
[21:54:03] [Client thread/INFO]: Reloading ResourceManager: Default, FMLFileResourcePack:Forge Mod Loader, FMLFileResourcePack:Minecraft Forge, FMLFileResourcePack:ElectroInductors, FMLFileResourcePack:Mekanism, FMLFileResourcePack:Forge Microblocks, FMLFileResourcePack:Forge Multipart, FMLFileResourcePack:Minecraft Multipart Plugin
[21:54:05] [Client thread/INFO]: Created: 1024x1024 textures/blocks-atlas
[21:54:05] [Client thread/INFO]: Created: 512x256 textures/items-atlas
[21:54:06] [Sound Library Loader/INFO]: Sound engine started
[22:04:32] [Server thread/INFO]: Starting integrated minecraft server version 1.7.10
[22:04:32] [Server thread/INFO]: Generating keypair
loading ResourceManager: Default, FMLFileResourcePack:Forge Mod Loader, FMLFileResourcePack:Minecraft Forge, FMLFileResourcePack:ElectroInductors, FMLFileResourcePack:Mekanism, FMLFileResourcePack:Forge Microblocks, FMLFileResourcePack:Forge Multipart, FMLFileResourcePack:Minecraft Multipart Plugin
[21:58:01] [Sound Library Loader/INFO]: Sound engine started
[21:58:03] [Client thread/INFO]: Created: 16x16 textures/blocks-atlas
[21:58:03] [Client thread/INFO]: Created: 16x16 textures/items-atlas
[21:58:05] [Client thread/INFO]: Reloading ResourceManager: Default, FMLFileResourcePack:Forge Mod Loader, FMLFileResourcePack:Minecraft Forge, FMLFileResourcePack:ElectroInductors, FMLFileResourcePack:Mekanism, FMLFileResourcePack:Forge Microblocks, FMLFileResourcePack:Forge Multipart, FMLFileResourcePack:Minecraft Multipart Plugin
[21:58:07] [Client thread/INFO]: Created: 1024x1024 textures/blocks-atlas
[21:58:07] [Client thread/INFO]: Created: 512x256 textures/items-atlas
[21:58:08] [Sound Library Loader/INFO]: Sound engine started
[21:58:36] [Server thread/INFO]: Starting integrated minecraft server version 1.7.10
[21:58:36] [Server thread/INFO]: Generating keypair
[21:58:37] [Server thread/INFO]: Preparing start region for level 0
[21:58:38] [Server thread/INFO]: Preparing spawn area: 74%
[21:58:38] [Server thread/INFO]: Changing view distance to 16, from 10
[21:58:39] [Server thread/INFO]: Player792[local:E:69f6e268] logged in with entity id 338 at (160.65109801848132, 72.1116330269739, 256.05707610039514)
[21:58:39] [Server thread/INFO]: Player792 joined the game
[21:58:40] [Server thread/INFO]: Saving and pausing game...
[21:58:40] [Server thread/INFO]: Saving chunks for level 'New World'/Overworld
[21:58:41] [Server thread/INFO]: Saving chunks for level 'New World'/Nether
[21:58:41] [Server thread/INFO]: Saving chunks for level 'New World'/The End
[21:58:56] [Server thread/INFO]: Player792 has just earned the achievement [Taking Inventory]
[21:58:56] [Client thread/INFO]: [CHAT] Player792 has just earned the achievement [Taking Inventory]
[21:59:43] [Client thread/INFO]: Stopping!
[21:59:43] [Server thread/INFO]: Stopping server
[21:59:43] [Server thread/INFO]: Saving players
[21:59:43] [Server thread/INFO]: Saving worlds
[21:59:43] [Server thread/INFO]: Saving chunks for level 'New World'/Overworld
[21:59:44] [Server thread/INFO]: Saving chunks for level 'New World'/Nether
[21:59:44] [Server thread/INFO]: Saving chunks for level 'New World'/The End
[21:59:44] [Client Shutdown Thread/INFO]: Stopping server
[21:59:44] [Client Shutdown Thread/INFO]: Saving players
[22:00:56] [main/INFO]: Setting user: Player624
[22:00:59] [Client thread/INFO]: LWJGL Version: 2.9.1
[22:01:13] [Client thread/INFO]: Reloading ResourceManager: Default, FMLFileResourcePack:Forge Mod Loader, FMLFileResourcePack:Minecraft Forge, FMLFileResourcePack:ElectroInductors, FMLFileResourcePack:Mekanism, FMLFileResourcePack:Forge Microblocks, FMLFileResourcePack:Forge Multipart, FMLFileResourcePack:Minecraft Multipart Plugin
[22:01:17] [Sound Library Loader/INFO]: Sound engine started
[22:01:18] [Client thread/INFO]: Created: 16x16 textures/blocks-atlas
[22:01:18] [Client thread/INFO]: Created: 16x16 textures/items-atlas
[22:01:20] [Client thread/INFO]: Reloading ResourceManager: Default, FMLFileResourcePack:Forge Mod Loader, FMLFileResourcePack:Minecraft Forge, FMLFileResourcePack:ElectroInductors, FMLFileResourcePack:Mekanism, FMLFileResourcePack:Forge Microblocks, FMLFileResourcePack:Forge Multipart, FMLFileResourcePack:Minecraft Multipart Plugin
[22:01:21] [Client thread/INFO]: Created: 1024x1024 textures/blocks-atlas
[22:01:22] [Client thread/INFO]: Created: 512x256 textures/items-atlas
[22:01:22] [Sound Library Loader/INFO]: Sound engine started
[22:01:29] [Server thread/INFO]: Starting integrated minecraft server version 1.7.10
[22:01:29] [Server thread/INFO]: Generating keypair
[22:01:29] [Server thread/INFO]: Preparing start region for level 0
[22:01:30] [Server thread/INFO]: Changing view distance to 16, from 10
[22:01:31] [Server thread/INFO]: Player624[local:E:77d84fbc] logged in with entity id 337 at (155.45246601918095, 73.59153407719268, 254.77144419010637)
[22:01:31] [Server thread/INFO]: Player624 joined the game
[22:01:34] [Server thread/INFO]: Player624 has just earned the achievement [Taking Inventory]
[22:01:34] [Client thread/INFO]: [CHAT] Player624 has just earned the achievement [Taking Inventory]
[22:01:44] [Server thread/INFO]: Saving and pausing game...
[22:01:44] [Server thread/INFO]: Saving chunks for level 'New World'/Overworld
[22:01:45] [Server thread/INFO]: Saving chunks for level 'New World'/Nether
[22:01:45] [Server thread/INFO]: Saving chunks for level 'New World'/The End
[22:01:45] [Client thread/INFO]: Stopping!
[22:01:45] [Server thread/INFO]: Stopping server
[22:01:45] [Server thread/INFO]: Saving players
[22:01:45] [Server thread/INFO]: Saving worlds
[22:01:45] [Server thread/INFO]: Saving chunks for level 'New World'/Overworld
[22:01:45] [Server thread/INFO]: Saving chunks for level 'New World'/Nether
[22:01:45] [Server thread/INFO]: Saving chunks for level 'New World'/The End
[22:01:45] [Client Shutdown Thread/INFO]: Stopping server
[22:01:45] [Client Shutdown Thread/INFO]: Saving players
