[00:12:28] [main/INFO]: Setting user: Player770
[00:12:30] [Client thread/INFO]: LWJGL Version: 2.9.1
[00:12:41] [Client thread/INFO]: Reloading ResourceManager: Default, FMLFileResourcePack:Forge Mod Loader, FMLFileResourcePack:Minecraft Forge, FMLFileResourcePack:ElectroInductors, FMLFileResourcePack:Mekanism, FMLFileResourcePack:Forge Microblocks, FMLFileResourcePack:Forge Multipart, FMLFileResourcePack:Minecraft Multipart Plugin
[00:12:45] [Sound Library Loader/INFO]: Sound engine started
[00:12:47] [Client thread/INFO]: Created: 16x16 textures/blocks-atlas
[00:12:47] [Client thread/INFO]: Created: 16x16 textures/items-atlas
[00:12:48] [Client thread/INFO]: Reloading ResourceManager: Default, FMLFileResourcePack:Forge Mod Loader, FMLFileResourcePack:Minecraft Forge, FMLFileResourcePack:ElectroInductors, FMLFileResourcePack:Mekanism, FMLFileResourcePack:Forge Microblocks, FMLFileResourcePack:Forge Multipart, FMLFileResourcePack:Minecraft Multipart Plugin
[00:12:50] [Client thread/INFO]: Created: 1024x1024 textures/blocks-atlas
[00:12:50] [Client thread/INFO]: Created: 512x256 textures/items-atlas
[00:12:50] [Sound Library Loader/INFO]: Sound engine started
[00:14:03] [Server thread/INFO]: Starting integrated minecraft server version 1.7.10
[00:14:03] [Server thread/INFO]: Generating keypair
[00:14:04] [Server thread/INFO]: Preparing start region for level 0
[00:14:05] [Server thread/INFO]: Changing view distance to 16, from 10
[00:14:05] [Server thread/INFO]: Player770[local:E:2c1a4c2c] logged in with entity id 258 at (117.37289032249105, 70.36933695946747, 229.9595468272797)
[00:14:05] [Server thread/INFO]: Player770 joined the game
[00:14:06] [Server thread/INFO]: Saving and pausing game...
[00:14:06] [Server thread/INFO]: Saving chunks for level 'New World'/Overworld
[00:14:06] [Server thread/INFO]: Saving chunks for level 'New World'/Nether
[00:14:06] [Server thread/INFO]: Saving chunks for level 'New World'/The End
[00:14:48] [Server thread/INFO]: Saving and pausing game...
[00:14:49] [Server thread/INFO]: Saving chunks for level 'New World'/Overworld
[00:14:49] [Server thread/INFO]: Saving chunks for level 'New World'/Nether
[00:14:49] [Server thread/INFO]: Saving chunks for level 'New World'/The End
[00:16:30] [Client thread/INFO]: Stopping!
[00:16:30] [Server thread/INFO]: Stopping server
[00:16:30] [Server thread/INFO]: Saving players
[00:16:30] [Server thread/INFO]: Saving worlds
[00:16:30] [Server thread/INFO]: Saving chunks for level 'New World'/Overworld
[00:16:30] [Server thread/WARN]: The save is being accessed from another location, aborting
[00:16:30] [Server thread/INFO]: Saving chunks for level 'New World'/Nether
[00:16:30] [Server thread/INFO]: Saving chunks for level 'New World'/The End
t thread/INFO]: Created: 16x16 textures/blocks-atlas
[00:16:00] [Client thread/INFO]: Created: 16x16 textures/items-atlas
[00:16:02] [Client thread/INFO]: Reloading ResourceManager: Default, FMLFileResourcePack:Forge Mod Loader, FMLFileResourcePack:Minecraft Forge, FMLFileResourcePack:ElectroInductors, FMLFileResourcePack:Mekanism, FMLFileResourcePack:Forge Microblocks, FMLFileResourcePack:Forge Multipart, FMLFileResourcePack:Minecraft Multipart Plugin
[00:16:04] [Client thread/INFO]: Created: 1024x1024 textures/blocks-atlas
[00:16:04] [Client thread/INFO]: Created: 512x256 textures/items-atlas
[00:16:04] [Sound Library Loader/INFO]: Sound engine started
[00:16:29] [Server thread/INFO]: Starting integrated minecraft server version 1.7.10
[00:16:29] [Server thread/INFO]: Generating keypair
[00:16:30] [Server thread/INFO]: Preparing start region for level 0
[00:16:31] [Server thread/INFO]: Changing view distance to 16, from 10
[00:17:32] [Server thread/INFO]: Stopping server
[00:17:32] [Server thread/INFO]: Saving players
[00:17:32] [Server thread/INFO]: Saving worlds
[00:17:32] [Server thread/INFO]: Saving chunks for level 'New World'/Overworld
[00:17:32] [Server thread/INFO]: Saving chunks for level 'New World'/Nether
[00:17:32] [Server thread/INFO]: Saving chunks for level 'New World'/The End
[00:17:33] [Server thread/INFO]: Starting integrated minecraft server version 1.7.10
[00:17:33] [Server thread/INFO]: Generating keypair
[00:17:33] [Server thread/INFO]: Preparing start region for level 0
[00:17:34] [Server thread/INFO]: Changing view distance to 16, from 10
[00:17:34] [Server thread/INFO]: Player215[local:E:323e0a81] logged in with entity id 539 at (109.5, 68.0, 246.5)
[00:17:34] [Server thread/INFO]: Player215 joined the game
[00:17:35] [Server thread/INFO]: Saving and pausing game...
[00:17:35] [Server thread/INFO]: Saving chunks for level 'New World'/Overworld
[00:17:36] [Server thread/INFO]: Saving chunks for level 'New World'/Nether
[00:17:36] [Server thread/INFO]: Saving chunks for level 'New World'/The End
[00:19:05] [Server thread/INFO]: Player215 has just earned the achievement [Taking Inventory]
[00:19:05] [Client thread/INFO]: [CHAT] Player215 has just earned the achievement [Taking Inventory]
[00:19:32] [Server thread/INFO]: Saving and pausing game...
[00:19:32] [Server thread/INFO]: Saving chunks for level 'New World'/Overworld
[00:19:33] [Server thread/INFO]: Saving chunks for level 'New World'/Nether
[00:19:33] [Server thread/INFO]: Saving chunks for level 'New World'/The End
[00:29:25] [main/INFO]: Setting user: Player576
[00:29:28] [Client thread/INFO]: LWJGL Version: 2.9.1
[00:29:41] [Client thread/INFO]: Reloading ResourceManager: Default, FMLFileResourcePack:Forge Mod Loader, FMLFileResourcePack:Minecraft Forge, FMLFileResourcePack:ElectroInductors, FMLFileResourcePack:Mekanism, FMLFileResourcePack:Forge Microblocks, FMLFileResourcePack:Forge Multipart, FMLFileResourcePack:Minecraft Multipart Plugin
[00:29:45] [Sound Library Loader/INFO]: Sound engine started
[00:29:47] [Client thread/INFO]: Created: 16x16 textures/blocks-atlas
[00:29:47] [Client thread/INFO]: Created: 16x16 textures/items-atlas
[00:29:49] [Client thread/INFO]: Reloading ResourceManager: Default, FMLFileResourcePack:Forge Mod Loader, FMLFileResourcePack:Minecraft Forge, FMLFileResourcePack:ElectroInductors, FMLFileResourcePack:Mekanism, FMLFileResourcePack:Forge Microblocks, FMLFileResourcePack:Forge Multipart, FMLFileResourcePack:Minecraft Multipart Plugin
[00:29:50] [Client thread/INFO]: Created: 1024x1024 textures/blocks-atlas
[00:29:50] [Client thread/INFO]: Created: 512x256 textures/items-atlas
[00:29:51] [Sound Library Loader/INFO]: Sound engine started
[00:30:05] [Server thread/INFO]: Starting integrated minecraft server version 1.7.10
[00:30:05] [Server thread/INFO]: Generating keypair
[00:30:05] [Server thread/INFO]: Preparing start region for level 0
[00:30:06] [Server thread/INFO]: Changing view distance to 16, from 10
[00:30:07] [Server thread/INFO]: Player576[local:E:54be176d] logged in with entity id 267 at (111.82818100950811, 68.0, 241.52870780535667)
[00:30:07] [Server thread/INFO]: Player576 joined the game
[00:30:40] [Server thread/INFO]: Player576 has just earned the achievement [Taking Inventory]
[00:30:40] [Client thread/INFO]: [CHAT] Player576 has just earned the achievement [Taking Inventory]
[00:35:21] [Server thread/WARN]: The save is being accessed from another location, aborting
[00:36:06] [Server thread/WARN]: The save is being accessed from another location, aborting
[00:36:51] [Server thread/WARN]: The save is being accessed from another location, aborting
[00:37:36] [Server thread/WARN]: The save is being accessed from another location, aborting
[00:38:21] [Server thread/WARN]: The save is being accessed from another location, aborting
[00:39:06] [Server thread/WARN]: The save is being accessed from another location, aborting
/blocks-atlas
[00:33:08] [Client thread/INFO]: Created: 16x16 textures/items-atlas
[00:33:11] [Client thread/INFO]: Reloading ResourceManager: Default, FMLFileResourcePack:Forge Mod Loader, FMLFileResourcePack:Minecraft Forge, FMLFileResourcePack:ElectroInductors, FMLFileResourcePack:Mekanism, FMLFileResourcePack:Forge Microblocks, FMLFileResourcePack:Forge Multipart, FMLFileResourcePack:Minecraft Multipart Plugin
[00:33:13] [Client thread/INFO]: Created: 1024x1024 textures/blocks-atlas
[00:33:13] [Client thread/INFO]: Created: 512x256 textures/items-atlas
[00:33:14] [Sound Library Loader/INFO]: Sound engine started
[00:35:08] [Server thread/INFO]: Starting integrated minecraft server version 1.7.10
[00:35:08] [Server thread/INFO]: Generating keypair
[00:35:08] [Server thread/INFO]: Preparing start region for level 0
[00:35:09] [Server thread/INFO]: Preparing spawn area: 60%
[00:35:10] [Server thread/INFO]: Changing view distance to 16, from 10
[00:35:11] [Server thread/INFO]: Player624[local:E:e761799c] logged in with entity id 282 at (108.44788554632272, 68.0, 245.36126563357521)
[00:35:11] [Server thread/INFO]: Player624 joined the game
[00:35:13] [Server thread/INFO]: Saving and pausing game...
[00:35:13] [Server thread/INFO]: Saving chunks for level 'New World'/Overworld
[00:35:14] [Server thread/INFO]: Saving chunks for level 'New World'/Nether
[00:35:14] [Server thread/INFO]: Saving chunks for level 'New World'/The End
[00:35:50] [Server thread/INFO]: Player624 has just earned the achievement [Taking Inventory]
[00:35:50] [Client thread/INFO]: [CHAT] Player624 has just earned the achievement [Taking Inventory]
