[15:22:29] [main/INFO]: Setting user: Player349
[15:22:31] [Client thread/INFO]: LWJGL Version: 2.9.1
[15:22:45] [Client thread/INFO]: Reloading ResourceManager: Default, FMLFileResourcePack:Forge Mod Loader, FMLFileResourcePack:Minecraft Forge, FMLFileResourcePack:ElectroInductors, FMLFileResourcePack:Mekanism, FMLFileResourcePack:Forge Microblocks, FMLFileResourcePack:Forge Multipart, FMLFileResourcePack:Minecraft Multipart Plugin
[15:22:48] [Sound Library Loader/INFO]: Sound engine started
[15:22:59] [Client thread/INFO]: Created: 16x16 textures/blocks-atlas
[15:22:59] [Client thread/INFO]: Created: 16x16 textures/items-atlas
[15:23:00] [Client thread/INFO]: Reloading ResourceManager: Default, FMLFileResourcePack:Forge Mod Loader, FMLFileResourcePack:Minecraft Forge, FMLFileResourcePack:ElectroInductors, FMLFileResourcePack:Mekanism, FMLFileResourcePack:Forge Microblocks, FMLFileResourcePack:Forge Multipart, FMLFileResourcePack:Minecraft Multipart Plugin
[15:23:02] [Client thread/INFO]: Created: 1024x1024 textures/blocks-atlas
[15:23:02] [Client thread/INFO]: Created: 512x256 textures/items-atlas
[15:23:03] [Sound Library Loader/INFO]: Sound engine started
[15:23:07] [Server thread/INFO]: Starting integrated minecraft server version 1.7.10
[15:23:07] [Server thread/INFO]: Generating keypair
[15:23:07] [Server thread/INFO]: Preparing start region for level 0
[15:23:08] [Server thread/WARN]: Skipping BlockEntity with id 
[15:23:08] [Server thread/INFO]: Changing view distance to 16, from 10
[15:23:09] [Server thread/INFO]: Player349[local:E:962985ad] logged in with entity id 283 at (108.5928859611992, 68.0, 247.07856188400245)
[15:23:09] [Server thread/INFO]: Player349 joined the game
[15:24:13] [Server thread/INFO]: Player349 has just earned the achievement [Taking Inventory]
[15:24:13] [Client thread/INFO]: [CHAT] Player349 has just earned the achievement [Taking Inventory]
[15:24:15] [Client thread/WARN]: Failed to load texture: ei:textures/blocks/turbineBlock.png
java.io.FileNotFoundException: ei:textures/blocks/turbineBlock.png
	at net.minecraft.client.resources.FallbackResourceManager.getResource(FallbackResourceManager.java:65) ~[FallbackResourceManager.class:?]
	at net.minecraft.client.resources.SimpleReloadableResourceManager.getResource(SimpleReloadableResourceManager.java:67) ~[SimpleReloadableResourceManager.class:?]
	at net.minecraft.client.renderer.texture.SimpleTexture.loadTexture(SimpleTexture.java:35) ~[SimpleTexture.class:?]
	at net.minecraft.client.renderer.texture.TextureManager.loadTexture(TextureManager.java:89) [TextureManager.class:?]
	at net.minecraft.client.renderer.texture.TextureManager.bindTexture(TextureManager.java:45) [TextureManager.class:?]
	at com.flippity.ei.client.renderers.atomic.RendererTurbine.renderTileEntityAt(RendererTurbine.java:40) [RendererTurbine.class:?]
	at net.minecraft.client.renderer.tileentity.TileEntityRendererDispatcher.renderTileEntityAt(TileEntityRendererDispatcher.java:141) [TileEntityRendererDispatcher.class:?]
	at com.flippity.ei.client.renderers.GenericBlockItemRenderer.renderItem(GenericBlockItemRenderer.java:36) [GenericBlockItemRenderer.class:?]
	at net.minecraftforge.client.ForgeHooksClient.renderInventoryItem(ForgeHooksClient.java:183) [ForgeHooksClient.class:?]
	at net.minecraft.client.renderer.entity.RenderItem.renderItemAndEffectIntoGUI(RenderItem.java:583) [RenderItem.class:?]
	at net.minecraft.client.gui.inventory.GuiContainer.func_146977_a(GuiContainer.java:289) [GuiContainer.class:?]
	at net.minecraft.client.gui.inventory.GuiContainer.drawScreen(GuiContainer.java:114) [GuiContainer.class:?]
	at net.minecraft.client.renderer.InventoryEffectRenderer.drawScreen(InventoryEffectRenderer.java:44) [InventoryEffectRenderer.class:?]
	at net.minecraft.client.gui.inventory.GuiContainerCreative.drawScreen(GuiContainerCreative.java:673) [GuiContainerCreative.class:?]
	at net.minecraft.client.renderer.EntityRenderer.updateCameraAndRender(EntityRenderer.java:1137) [EntityRenderer.class:?]
	at net.minecraft.client.Minecraft.runGameLoop(Minecraft.java:1067) [Minecraft.class:?]
	at net.minecraft.client.Minecraft.run(Minecraft.java:962) [Minecraft.class:?]
	at net.minecraft.client.main.Main.main(Main.java:164) [Main.class:?]
	at sun.reflect.NativeMethodAccessorImpl.invoke0(Native Method) ~[?:1.8.0_144]
	at sun.reflect.NativeMethodAccessorImpl.invoke(NativeMethodAccessorImpl.java:62) ~[?:1.8.0_144]
	at sun.reflect.DelegatingMethodAccessorImpl.invoke(DelegatingMethodAccessorImpl.java:43) ~[?:1.8.0_144]
	at java.lang.reflect.Method.invoke(Method.java:498) ~[?:1.8.0_144]
	at net.minecraft.launchwrapper.Launch.launch(Launch.java:135) [launchwrapper-1.12.jar:?]
	at net.minecraft.launchwrapper.Launch.main(Launch.java:28) [launchwrapper-1.12.jar:?]
	at net.minecraftforge.gradle.GradleStartCommon.launch(Unknown Source) [start/:?]
	at GradleStart.main(Unknown Source) [start/:?]
[15:32:53] [Server thread/WARN]: The save is being accessed from another location, aborting
[15:33:38] [Server thread/WARN]: The save is being accessed from another location, aborting
[15:34:23] [Server thread/WARN]: The save is being accessed from another location, aborting
[15:35:08] [Server thread/WARN]: The save is being accessed from another location, aborting
[15:35:53] [Server thread/WARN]: The save is being accessed from another location, aborting
[15:36:38] [Server thread/WARN]: The save is being accessed from another location, aborting
[15:37:23] [Server thread/WARN]: The save is being accessed from another location, aborting
[15:38:08] [Server thread/WARN]: The save is being accessed from another location, aborting
[15:38:53] [Server thread/WARN]: The save is being accessed from another location, aborting
[15:39:38] [Server thread/WARN]: The save is being accessed from another location, aborting
[15:40:23] [Server thread/WARN]: The save is being accessed from another location, aborting
[15:41:08] [Server thread/WARN]: The save is being accessed from another location, aborting
[15:41:53] [Server thread/WARN]: The save is being accessed from another location, aborting
[15:42:38] [Server thread/WARN]: The save is being accessed from another location, aborting
[15:43:23] [Server thread/WARN]: The save is being accessed from another location, aborting
[15:44:08] [Server thread/WARN]: The save is being accessed from another location, aborting
[15:44:53] [Server thread/WARN]: The save is being accessed from another location, aborting
415ce4] logged in with entity id 274 at (109.3319278222613, 68.0, 247.26749663660155)
[15:32:53] [Server thread/INFO]: Player478 joined the game
[15:33:35] [Server thread/INFO]: Player478 has just earned the achievement [Taking Inventory]
[15:33:36] [Client thread/INFO]: [CHAT] Player478 has just earned the achievement [Taking Inventory]
[15:33:42] [Client thread/WARN]: Failed to load texture: ei:textures/blocks/turbineBlock.png
java.io.FileNotFoundException: ei:textures/blocks/turbineBlock.png
	at net.minecraft.client.resources.FallbackResourceManager.getResource(FallbackResourceManager.java:65) ~[FallbackResourceManager.class:?]
	at net.minecraft.client.resources.SimpleReloadableResourceManager.getResource(SimpleReloadableResourceManager.java:67) ~[SimpleReloadableResourceManager.class:?]
	at net.minecraft.client.renderer.texture.SimpleTexture.loadTexture(SimpleTexture.java:35) ~[SimpleTexture.class:?]
	at net.minecraft.client.renderer.texture.TextureManager.loadTexture(TextureManager.java:89) [TextureManager.class:?]
	at net.minecraft.client.renderer.texture.TextureManager.bindTexture(TextureManager.java:45) [TextureManager.class:?]
	at com.flippity.ei.client.renderers.atomic.RendererTurbine.renderTileEntityAt(RendererTurbine.java:40) [RendererTurbine.class:?]
	at net.minecraft.client.renderer.tileentity.TileEntityRendererDispatcher.renderTileEntityAt(TileEntityRendererDispatcher.java:141) [TileEntityRendererDispatcher.class:?]
	at com.flippity.ei.client.renderers.GenericBlockItemRenderer.renderItem(GenericBlockItemRenderer.java:36) [GenericBlockItemRenderer.class:?]
	at net.minecraftforge.client.ForgeHooksClient.renderInventoryItem(ForgeHooksClient.java:183) [ForgeHooksClient.class:?]
	at net.minecraft.client.renderer.entity.RenderItem.renderItemAndEffectIntoGUI(RenderItem.java:583) [RenderItem.class:?]
	at net.minecraft.client.gui.inventory.GuiContainer.func_146977_a(GuiContainer.java:289) [GuiContainer.class:?]
	at net.minecraft.client.gui.inventory.GuiContainer.drawScreen(GuiContainer.java:114) [GuiContainer.class:?]
	at net.minecraft.client.renderer.InventoryEffectRenderer.drawScreen(InventoryEffectRenderer.java:44) [InventoryEffectRenderer.class:?]
	at net.minecraft.client.gui.inventory.GuiContainerCreative.drawScreen(GuiContainerCreative.java:673) [GuiContainerCreative.class:?]
	at net.minecraft.client.renderer.EntityRenderer.updateCameraAndRender(EntityRenderer.java:1137) [EntityRenderer.class:?]
	at net.minecraft.client.Minecraft.runGameLoop(Minecraft.java:1067) [Minecraft.class:?]
	at net.minecraft.client.Minecraft.run(Minecraft.java:962) [Minecraft.class:?]
	at net.minecraft.client.main.Main.main(Main.java:164) [Main.class:?]
	at sun.reflect.NativeMethodAccessorImpl.invoke0(Native Method) ~[?:1.8.0_144]
	at sun.reflect.NativeMethodAccessorImpl.invoke(NativeMethodAccessorImpl.java:62) ~[?:1.8.0_144]
	at sun.reflect.DelegatingMethodAccessorImpl.invoke(DelegatingMethodAccessorImpl.java:43) ~[?:1.8.0_144]
	at java.lang.reflect.Method.invoke(Method.java:498) ~[?:1.8.0_144]
	at net.minecraft.launchwrapper.Launch.launch(Launch.java:135) [launchwrapper-1.12.jar:?]
	at net.minecraft.launchwrapper.Launch.main(Launch.java:28) [launchwrapper-1.12.jar:?]
	at net.minecraftforge.gradle.GradleStartCommon.launch(Unknown Source) [start/:?]
	at GradleStart.main(Unknown Source) [start/:?]
[15:34:38] [Client thread/INFO]: Stopping!
[15:34:38] [Server thread/INFO]: Stopping server
[15:34:38] [Server thread/INFO]: Saving players
[15:34:38] [Server thread/INFO]: Saving worlds
[15:34:38] [Server thread/INFO]: Saving chunks for level 'New World'/Overworld
[15:34:38] [Server thread/INFO]: Saving chunks for level 'New World'/Nether
[15:34:38] [Server thread/INFO]: Saving chunks for level 'New World'/The End
[15:34:38] [Client Shutdown Thread/INFO]: Stopping server
[15:34:38] [Client Shutdown Thread/INFO]: Saving players
[15:34:38] [Client Shutdown Thread/INFO]: Saving worlds
[15:34:38] [Client Shutdown Thread/INFO]: Saving chunks for level 'New World'/Overworld
[15:36:38] [main/INFO]: Setting user: Player378
[15:36:41] [Client thread/INFO]: LWJGL Version: 2.9.1
[15:36:59] [Client thread/INFO]: Reloading ResourceManager: Default, FMLFileResourcePack:Forge Mod Loader, FMLFileResourcePack:Minecraft Forge, FMLFileResourcePack:ElectroInductors, FMLFileResourcePack:Mekanism, FMLFileResourcePack:Forge Microblocks, FMLFileResourcePack:Forge Multipart, FMLFileResourcePack:Minecraft Multipart Plugin
[15:37:03] [Sound Library Loader/INFO]: Sound engine started
[15:37:14] [Client thread/INFO]: Created: 16x16 textures/blocks-atlas
[15:37:14] [Client thread/INFO]: Created: 16x16 textures/items-atlas
[15:37:16] [Client thread/INFO]: Reloading ResourceManager: Default, FMLFileResourcePack:Forge Mod Loader, FMLFileResourcePack:Minecraft Forge, FMLFileResourcePack:ElectroInductors, FMLFileResourcePack:Mekanism, FMLFileResourcePack:Forge Microblocks, FMLFileResourcePack:Forge Multipart, FMLFileResourcePack:Minecraft Multipart Plugin
[15:37:18] [Client thread/INFO]: Created: 1024x1024 textures/blocks-atlas
[15:37:18] [Client thread/INFO]: Created: 512x256 textures/items-atlas
[15:37:19] [Sound Library Loader/INFO]: Sound engine started
[15:37:52] [Server thread/INFO]: Starting integrated minecraft server version 1.7.10
[15:37:52] [Server thread/INFO]: Generating keypair
[15:37:53] [Server thread/INFO]: Preparing start region for level 0
[15:37:54] [Server thread/INFO]: Preparing spawn area: 8%
[15:37:55] [Server thread/INFO]: Preparing spawn area: 90%
[15:37:55] [Server thread/INFO]: Changing view distance to 16, from 10
[15:38:05] [Server thread/INFO]: Stopping server
[15:38:05] [Server thread/INFO]: Saving players
[15:3[15:38:23] [Client thread/INFO]: Reloading ResourceManager: Default, FMLFileResourcePack:Forge Mod Loader, FMLFileResourcePack:Minecraft Forge, FMLFileResourcePack:ElectroInductors, FMLFileResourcePack:Mekanism, FMLFileResourcePack:Forge Microblocks, FMLFileResourcePack:Forge Multipart, FMLFileResourcePack:Minecraft Multipart Plugin
[15:38:30] [Sound Library Loader/INFO]: Sound engine started
[15:39:06] [Client thread/INFO]: Created: 16x16 textures/blocks-atlas
[15:39:06] [Client thread/INFO]: Created: 16x16 textures/items-atlas
[15:39:08] [Client thread/INFO]: Reloading ResourceManager: Default, FMLFileResourcePack:Forge Mod Loader, FMLFileResourcePack:Minecraft Forge, FMLFileResourcePack:ElectroInductors, FMLFileResourcePack:Mekanism, FMLFileResourcePack:Forge Microblocks, FMLFileResourcePack:Forge Multipart, FMLFileResourcePack:Minecraft Multipart Plugin
[15:39:12] [Client thread/INFO]: Created: 1024x1024 textures/blocks-atlas
[15:39:12] [Client thread/INFO]: Created: 512x256 textures/items-atlas
[15:39:[15:39:58] [Server thread/ERROR]: Couldn't save chunk; already in use by another instance of Minecraft?
net.minecraft.world.MinecraftException: The save is being accessed from another location, aborting
	at net.minecraft.world.storage.SaveHandler.checkSessionLock(SaveHandler.java:103) ~[SaveHandler.class:?]
	at net.minecraft.world.World.checkSessionLock(World.java:3932) ~[World.class:?]
	at net.minecraft.world.chunk.storage.AnvilChunkLoader.saveChunk(AnvilChunkLoader.java:197) ~[AnvilChunkLoader.class:?]
	at net.minecraft.world.gen.ChunkProviderServer.safeSaveChu[15:40:00] [Server thread/INFO]: Saving and pausing game...
[15:40:00] [Server thread/INFO]: Saving chunks for level 'New World'/Overworld
[15:40:00] [Server thread/INFO]: Saving chunks for level 'New World'/Nether
[15:40:00] [Server thread/INFO]: Saving chunks for level 'New World'/The End
[15:40:14] [Server thread/INFO]: Player781 has just earned the achievement [Taking Inventory]
[15:40:14] [Client thread/INFO]: [CHAT] Player781 has just earned the achievement [Taking Inventory]
[15:40:16] [Client thread/WARN]: Failed to load texture: ei:textures/blocks/turbineBlock.png
java.io.FileNotFoundException: ei:textures/blocks/turbineBlock.png
	at net.minecraft.client.resources.FallbackResourceManager.getResource(FallbackResourceManager.java:65) ~[FallbackResourceManager.class:?]
	at net.minecraft.client.resources.SimpleReloadableResourceManager.getResource(SimpleReloadableResourceManager.java:67) ~[SimpleReloadableResourceManager.class:?]
	at net.minecraft.client.renderer.texture.SimpleTexture.loadTexture(SimpleTexture.java:35) ~[SimpleTexture.class:?]
	at net.minecraft.client.renderer.texture.TextureManager.loadTexture(TextureManager.java:89) [TextureManager.class:?]
	at net.minecraft.client.renderer.texture.TextureManager.bindTexture(TextureManager.java:45) [TextureManager.class:?]
	at com.flippity.ei.client.renderers.atomic.RendererTurbine.renderTileEntityAt(RendererTurbine.java:40) [RendererTurbine.class:?]
	at net.minecraft.client.renderer.tileentity.TileEntityRendererDispatcher.renderTileEntityAt(TileEntityRendererDispatcher.java:141) [TileEntityRendererDispatcher.class:?]
	at com.flippity.ei.client.renderers.GenericBlockItemRenderer.renderItem(GenericBlockItemRenderer.java:36) [GenericBlockItemRenderer.class:?]
	at net.minecraftforge.client.ForgeHooksClient.renderInventoryItem(ForgeHooksClient.java:183) [ForgeHooksClient.class:?]
	at net.minecraft.client.renderer.entity.RenderItem.renderItemAndEffectIntoGUI(RenderItem.java:583) [RenderItem.class:?]
	at net.minecraft.client.gui.inventory.GuiContainer.func_146977_a(GuiContainer.java:289) [GuiContainer.class:?]
	at net.minecraft.client.gui.inventory.GuiContainer.drawScreen(GuiContainer.java:114) [GuiContainer.class:?]
	at net.minecraft.client.renderer.InventoryEffectRenderer.drawScreen(InventoryEffectRenderer.java:44) [InventoryEffectRenderer.class:?]
	at net.minecraft.client.gui.inventory.GuiContainerCreative.drawScreen(GuiContainerCreative.java:673) [GuiContainerCreative.class:?]
	at net.minecraft.client.renderer.EntityRenderer.updateCameraAndRender(EntityRenderer.java:1137) [EntityRenderer.class:?]
	at net.minecraft.client.Minecraft.runGameLoop(Minecraft.java:1067) [Minecraft.class:?]
	at net.minecraft.client.Minecraft.run(Minecraft.java:962) [Minecraft.class:?]
	at net.minecraft.client.main.Main.main(Main.java:164) [Main.class:?]
	at sun.reflect.NativeMethodAccessorImpl.invoke0(Native Method) ~[?:1.8.0_144]
	at sun.reflect.NativeMethodAccessorImpl.invoke(NativeMethodAccessorImpl.java:62) ~[?:1.8.0_144]
	at sun.reflect.DelegatingMethodAccessorImpl.invoke(DelegatingMethodAccessorImpl.java:43) ~[?:1.8.0_144]
	at java.lang.reflect.Method.invoke(Method.java:498) ~[?:1.8.0_144]
	at net.minecraft.launchwrapper.Launch.launch(Launch.java:135) [launchwrapper-1.12.jar:?]
	at net.minecraft.launchwrapper.Launch.main(Launch.java:28) [launchwrapper-1.12.jar:?]
	at net.minecraftforge.gradle.GradleStartCommon.launch(Unknown Source) [start/:?]
	at GradleStart.main(Unknown Source) [start/:?]
[15:40:21] [Client thread/INFO]: Stopping!
[15:40:21] [Server thread/INFO]: Stopping server
[15:40:21] [Server thread/INFO]: Saving players
[15:40:21] [Server thread/INFO]: Saving worlds
[15:40:21] [Server thread/INFO]: Saving chunks for level 'New World'/Overworld
[15:40:21] [Server thread/INFO]: Saving chunks for level 'New World'/Nether
[15:40:21] [Server thread/INFO]: Saving chunks for level 'New World'/The End
[15:40:21] [Client Shutdown Thread/INFO]: Stopping server
[15:40:21] [Client Shutdown Thread/INFO]: Saving players
pping!
[15:40:10] [Server thread/INFO]: Stopping server
[15:40:10] [Server thread/INFO]: Saving players
[15:40:10] [Server thread/INFO]: Saving worlds
[15:40:10] [Server thread/INFO]: Saving chunks for level 'New World'/Overworld
[15:40:10] [Server thread/WARN]: The save is being accessed from another location, aborting
[15:40:10] [Server thread/INFO]: Saving chunks for level 'New World'/Nether
[15:40:10] [Server thread/INFO]: Saving chunks for level 'New World'/The End
[15:41:42] [main/INFO]: Setting user: Player775
[15:41:46] [Client thread/INFO]: LWJGL Version: 2.9.1
[15:42:05] [Client thread/INFO]: Reloading ResourceManager: Default, FMLFileResourcePack:Forge Mod Loader, FMLFileResourcePack:Minecraft Forge, FMLFileResourcePack:ElectroInductors, FMLFileResourcePack:Mekanism, FMLFileResourcePack:Forge Microblocks, FMLFileResourcePack:Forge Multipart, FMLFileResourcePack:Minecraft Multipart Plugin
[15:42:10] [Sound Library Loader/INFO]: Sound engine started
[15:42:12] [Client thread/INFO]: Created: 16x16 textures/blocks-atlas
[15:42:12] [Client thread/INFO]: Created: 16x16 textures/items-atlas
[15:42:14] [Client thread/INFO]: Reloading ResourceManager: Default, FMLFileResourcePack:Forge Mod Loader, FMLFileResourcePack:Minecraft Forge, FMLFileResourcePack:ElectroInductors, FMLFileResourcePack:Mekanism, FMLFileResourcePack:Forge Microblocks, FMLFileResourcePack:Forge Multipart, FMLFileResourcePack:Minecraft Multipart Plugin
[15:42:16] [Client thread/INFO]: Created: 1024x1024 textures/blocks-atlas
[15:42:16] [Client thread/INFO]: Created: 512x256 textures/items-atlas
[15:42:17] [Sound Library Loader/INFO]: Sound engine started
[15:42:31] [Server thread/INFO]: Starting integrated minecraft server version 1.7.10
[15:42:31] [Server thread/INFO]: Generating keypair
[15:42:31] [Server thread/INFO]: Preparing start region for level 0
[15:42:32] [Server thread/INFO]: Preparing spawn area: 65%
[15:42:33] [Server thread/INFO]: Changing view distance to 16, from 10
[15:42:34] [Server thread/INFO]: Player775[local:E:928316ca] logged in with entity id 277 at (109.09211913307652, 68.0, 246.60608224304607)
[15:42:34] [Server thread/INFO]: Player775 joined the game
[15:42:35] [Client thread/WARN]: Failed to load texture: ei:textures/blocks/turbineBlock.png
java.io.FileNotFoundException: ei:textures/blocks/turbineBlock.png
	at net.minecraft.client.resources.FallbackResourceManager.getResource(FallbackResourceManager.java:65) ~[FallbackResourceManager.class:?]
	at net.minecraft.client.resources.SimpleReloadableResourceManager.getResource(SimpleReloadableResourceManager.java:67) ~[SimpleReloadableResourceManager.class:?]
	at net.minecraft.client.renderer.texture.SimpleTexture.loadTexture(SimpleTexture.java:35) ~[SimpleTexture.class:?]
	at net.minecraft.client.renderer.texture.TextureManager.loadTexture(TextureManager.java:89) [TextureManager.class:?]
	at net.minecraft.client.renderer.texture.TextureManager.bindTexture(TextureManager.java:45) [TextureManager.class:?]
	at com.flippity.ei.client.renderers.atomic.RendererTurbine.renderTileEntityAt(RendererTurbine.java:40) [RendererTurbine.class:?]
	at net.minecraft.client.renderer.tileentity.TileEntityRendererDispatcher.renderTileEntityAt(TileEntityRendererDispatcher.java:141) [TileEntityRendererDispatcher.class:?]
	at com.flippity.ei.client.renderers.GenericBlockItemRenderer.renderItem(GenericBlockItemRenderer.java:36) [GenericBlockItemRenderer.class:?]
	at net.minecraftforge.client.ForgeHooksClient.renderInventoryItem(ForgeHooksClient.java:183) [ForgeHooksClient.class:?]
	at net.minecraft.client.renderer.entity.RenderItem.renderItemAndEffectIntoGUI(RenderItem.java:583) [RenderItem.class:?]
	at net.minecraft.client.gui.GuiIngame.renderInventorySlot(GuiIngame.java:973) [GuiIngame.class:?]
	at net.minecraftforge.client.GuiIngameForge.renderHotbar(GuiIngameForge.java:209) [GuiIngameForge.class:?]
	at net.minecraftforge.client.GuiIngameForge.renderGameOverlay(GuiIngameForge.java:144) [GuiIngameForge.class:?]
	at net.minecraft.client.renderer.EntityRenderer.updateCameraAndRender(EntityRenderer.java:1114) [EntityRenderer.class:?]
	at net.minecraft.client.Minecraft.runGameLoop(Minecraft.java:1067) [Minecraft.class:?]
	at net.minecraft.client.Minecraft.run(Minecraft.java:962) [Minecraft.class:?]
	at net.minecraft.client.main.Main.main(Main.java:164) [Main.class:?]
	at sun.reflect.NativeMethodAccessorImpl.invoke0(Native Method) ~[?:1.8.0_144]
	at sun.reflect.NativeMethodAccessorImpl.invoke(NativeMethodAccessorImpl.java:62) ~[?:1.8.0_144]
	at sun.reflect.DelegatingMethodAccessorImpl.invoke(DelegatingMethodAccessorImpl.java:43) ~[?:1.8.0_144]
	at java.lang.reflect.Method.invoke(Method.java:498) ~[?:1.8.0_144]
	at net.minecraft.launchwrapper.Launch.launch(Launch.java:135) [launchwrapper-1.12.jar:?]
	at net.minecraft.launchwrapper.Launch.main(Launch.java:28) [launchwrapper-1.12.jar:?]
	at net.minecraftforge.gradle.GradleStartCommon.launch(Unknown Source) [start/:?]
	at GradleStart.main(Unknown Source) [start/:?]
[15:42:35] [Server thread/INFO]: Saving and pausing game...
[15:42:35] [Server thread/INFO]: Saving chunks for level 'New World'/Overworld
[15:42:36] [Server thread/INFO]: Saving chunks for level 'New World'/Nether
[15:42:36] [Server thread/INFO]: Saving chunks for level 'New World'/The End
[15:42:47] [Server thread/INFO]: Saving and pausing game...
[15:42:47] [Server thread/INFO]: Saving chunks for level 'New World'/Overworld
[15:42:47] [Server thread/INFO]: Saving chunks for level 'New World'/Nether
[15:42:47] [Server thread/INFO]: Saving chunks for level 'New World'/The End
[15:42:47] [Client thread/INFO]: Stopping!
[15:42:47] [Server thread/INFO]: Stopping server
[15:42:47] [Server thread/INFO]: Saving players
[15:42:47] [Server thread/INFO]: Saving worlds
[15:42:47] [Server thread/INFO]: Saving chunks for level 'New World'/Overworld
[15:42:48] [Server thread/INFO]: Saving chunks for level 'New World'/Nether
[15:42:48] [Server thread/INFO]: Saving chunks for level 'New World'/The End
[15:42:48] [Client Shutdown Thread/INFO]: Stopping server
[15:42:48] [Client Shutdown Thread/INFO]: Saving players
[15:43:12] [main/INFO]: Setting user: Player916
[15:43:15] [Client thread/INFO]: LWJGL Version: 2.9.1
[15:43:32] [Client thread/INFO]: Reloading ResourceManager: Default, FMLFileResourcePack:Forge Mod Loader, FMLFileResourcePack:Minecraft Forge, FMLFileResourcePack:ElectroInductors, FMLFileResourcePack:Mekanism, FMLFileResourcePack:Forge Microblocks, FMLFileResourcePack:Forge Multipart, FMLFileResourcePack:Minecraft Multipart Plugin
[15:43:36] [Sound Library Loader/INFO]: Sound engine started
[15:43:39] [Client thread/INFO]: Created: 16x16 textures/blocks-atlas
[15:43:39] [Client thread/INFO]: Created: 16x16 textures/items-atlas
[15:43:41] [Client thread/INFO]: Reloading ResourceManager: Default, FMLFileResourcePack:Forge Mod Loader, FMLFileResourcePack:Minecraft Forge, FMLFileResourcePack:ElectroInductors, FMLFileResourcePack:Mekanism, FMLFileResourcePack:Forge Microblocks, FMLFileResourcePack:Forge Multipart, FMLFileResourcePack:Minecraft Multipart Plugin
[15:43:42] [Client thread/INFO]: Created: 1024x1024 textures/blocks-atlas
[15:43:43] [Client thread/INFO]: Created: 512x256 textures/items-atlas
[15:43:43] [Sound Library Loader/INFO]: Sound engine started
[15:43:53] [Server thread/INFO]: Starting integrated minecraft server version 1.7.10
[15:43:53] [Server thread/INFO]: Generating keypair
[15:43:54] [Server thread/INFO]: Preparing start region for level 0
[15:43:55] [Server thread/INFO]: Preparing spawn area: 49%
[15:43:56] [Server thread/INFO]: Changing view distance to 16, from 10
[15:43:56] [Server thread/INFO]: Player916[local:E:6a91408a] logged in with entity id 278 at (109.09211913307652, 68.0, 246.60608224304607)
[15:43:56] [Server thread/INFO]: Player916 joined the game
[15:43:57] [Client thread/WARN]: Failed to load texture: ei:textures/blocks/turbineBlock.png
java.io.FileNotFoundException: ei:textures/blocks/turbineBlock.png
	at net.minecraft.client.resources.FallbackResourceManager.getResource(FallbackResourceManager.java:65) ~[FallbackResourceManager.class:?]
	at net.minecraft.client.resources.SimpleReloadableResourceManager.getResource(SimpleReloadableResourceManager.java:67) ~[SimpleReloadableResourceManager.class:?]
	at net.minecraft.client.renderer.texture.SimpleTexture.loadTexture(SimpleTexture.java:35) ~[SimpleTexture.class:?]
	at net.minecraft.client.renderer.texture.TextureManager.loadTexture(TextureManager.java:89) [TextureManager.class:?]
	at net.minecraft.client.renderer.texture.TextureManager.bindTexture(TextureManager.java:45) [TextureManager.class:?]
	at com.flippity.ei.client.renderers.atomic.RendererTurbine.renderTileEntityAt(RendererTurbine.java:40) [RendererTurbine.class:?]
	at net.minecraft.client.renderer.tileentity.TileEntityRendererDispatcher.renderTileEntityAt(TileEntityRendererDispatcher.java:141) [TileEntityRendererDispatcher.class:?]
	at com.flippity.ei.client.renderers.GenericBlockItemRenderer.renderItem(GenericBlockItemRenderer.java:36) [GenericBlockItemRenderer.class:?]
	at net.minecraftforge.client.ForgeHooksClient.renderInventoryItem(ForgeHooksClient.java:183) [ForgeHooksClient.class:?]
	at net.minecraft.client.renderer.entity.RenderItem.renderItemAndEffectIntoGUI(RenderItem.java:583) [RenderItem.class:?]
	at net.minecraft.client.gui.GuiIngame.renderInventorySlot(GuiIngame.java:973) [GuiIngame.class:?]
	at net.minecraftforge.client.GuiIngameForge.renderHotbar(GuiIngameForge.java:209) [GuiIngameForge.class:?]
	at net.minecraftforge.client.GuiIngameForge.renderGameOverlay(GuiIngameForge.java:144) [GuiIngameForge.class:?]
	at net.minecraft.client.renderer.EntityRenderer.updateCameraAndRender(EntityRenderer.java:1114) [EntityRenderer.class:?]
	at net.minecraft.client.Minecraft.runGameLoop(Minecraft.java:1067) [Minecraft.class:?]
	at net.minecraft.client.Minecraft.run(Minecraft.java:962) [Minecraft.class:?]
	at net.minecraft.client.main.Main.main(Main.java:164) [Main.class:?]
	at sun.reflect.NativeMethodAccessorImpl.invoke0(Native Method) ~[?:1.8.0_144]
	at sun.reflect.NativeMethodAccessorImpl.invoke(NativeMethodAccessorImpl.java:62) ~[?:1.8.0_144]
	at sun.reflect.DelegatingMethodAccessorImpl.invoke(DelegatingMethodAccessorImpl.java:43) ~[?:1.8.0_144]
	at java.lang.reflect.Method.invoke(Method.java:498) ~[?:1.8.0_144]
	at net.minecraft.launchwrapper.Launch.launch(Launch.java:135) [launchwrapper-1.12.jar:?]
	at net.minecraft.launchwrapper.Launch.main(Launch.java:28) [launchwrapper-1.12.jar:?]
	at net.minecraftforge.gradle.GradleStartCommon.launch(Unknown Source) [start/:?]
	at GradleStart.main(Unknown Source) [start/:?]
[15:43:58] [Server thread/INFO]: Saving and pausing game...
[15:43:58] [Server thread/INFO]: Saving chunks for level 'New World'/Overworld
[15:43:58] [Server thread/INFO]: Saving chunks for level 'New World'/Nether
[15:43:58] [Server thread/INFO]: Saving chunks for level 'New World'/The End
[15:44:24] [Server thread/INFO]: Player916 has just earned the achievement [Taking Inventory]
[15:44:24] [Client thread/INFO]: [CHAT] Player916 has just earned the achievement [Taking Inventory]
[15:44:37] [Client thread/INFO]: Warning: Clientside chunk ticking took 215 ms
[15:44:37] [Client thread/INFO]: Warning: Clientside chunk ticking took 242 ms
