[09:46:28] [main/INFO]: Setting user: Player631
[09:46:31] [Client thread/INFO]: LWJGL Version: 2.9.1
[09:46:40] [Client thread/INFO]: Reloading ResourceManager: Default, FMLFileResourcePack:Forge Mod Loader, FMLFileResourcePack:Minecraft Forge, FMLFileResourcePack:Not Enough Items, FMLFileResourcePack:ElectroInductors, FMLFileResourcePack:Forge Microblocks, FMLFileResourcePack:Forge Multipart, FMLFileResourcePack:Minecraft Multipart Plugin
[09:46:44] [Sound Library Loader/INFO]: Sound engine started
[09:46:45] [Client thread/INFO]: Created: 16x16 textures/blocks-atlas
[09:46:45] [Client thread/INFO]: Created: 16x16 textures/items-atlas
[09:46:45] [Client thread/INFO]: Reloading ResourceManager: Default, FMLFileResourcePack:Forge Mod Loader, FMLFileResourcePack:Minecraft Forge, FMLFileResourcePack:Not Enough Items, FMLFileResourcePack:ElectroInductors, FMLFileResourcePack:Forge Microblocks, FMLFileResourcePack:Forge Multipart, FMLFileResourcePack:Minecraft Multipart Plugin
[09:46:46] [Client thread/INFO]: Created: 512x256 textures/blocks-atlas
[09:46:46] [Client thread/INFO]: Created: 256x256 textures/items-atlas
[09:46:46] [Sound Library Loader/INFO]: Sound engine started
[09:46:55] [Server thread/INFO]: Starting integrated minecraft server version 1.7.10
[09:46:55] [Server thread/INFO]: Generating keypair
[09:46:56] [Server thread/INFO]: Preparing start region for level 0
[09:46:57] [Server thread/INFO]: Changing view distance to 12, from 10
[09:46:57] [Server thread/INFO]: Player631[local:E:9b22e036] logged in with entity id 288 at (-159.2845109093225, 71.38932436098375, 278.71804459310374)
[09:46:57] [Server thread/INFO]: Player631 joined the game
[09:47:01] [Server thread/INFO]: Saving and pausing game...
[09:47:01] [Server thread/INFO]: Saving chunks for level 'New World'/Overworld
[09:47:01] [Server thread/INFO]: Saving chunks for level 'New World'/Nether
[09:47:01] [Server thread/INFO]: Saving chunks for level 'New World'/The End
[09:47:04] [Server thread/INFO]: Player631 has just earned the achievement [Taking Inventory]
[09:47:04] [Client thread/INFO]: [CHAT] Player631 has just earned the achievement [Taking Inventory]
[09:47:05] [Client thread/WARN]: Failed to load texture: ei:textures/blocks/electricalCopperCableTexture.png
java.io.FileNotFoundException: ei:textures/blocks/electricalCopperCableTexture.png
	at net.minecraft.client.resources.FallbackResourceManager.getResource(FallbackResourceManager.java:65) ~[FallbackResourceManager.class:?]
	at net.minecraft.client.resources.SimpleReloadableResourceManager.getResource(SimpleReloadableResourceManager.java:67) ~[SimpleReloadableResourceManager.class:?]
	at net.minecraft.client.renderer.texture.SimpleTexture.loadTexture(SimpleTexture.java:35) ~[SimpleTexture.class:?]
	at net.minecraft.client.renderer.texture.TextureManager.loadTexture(TextureManager.java:89) [TextureManager.class:?]
	at net.minecraft.client.renderer.texture.TextureManager.bindTexture(TextureManager.java:45) [TextureManager.class:?]
	at net.minecraft.client.renderer.tileentity.TileEntitySpecialRenderer.bindTexture(TileEntitySpecialRenderer.java:25) [TileEntitySpecialRenderer.class:?]
	at com.flippity.ei.client.renderers.cables.RendererCableCopper.renderTileEntityAt(RendererCableCopper.java:22) [RendererCableCopper.class:?]
	at net.minecraft.client.renderer.tileentity.TileEntityRendererDispatcher.renderTileEntityAt(TileEntityRendererDispatcher.java:141) [TileEntityRendererDispatcher.class:?]
	at com.flippity.ei.client.renderers.GenericItemBlockRenderer.renderItem(GenericItemBlockRenderer.java:44) [GenericItemBlockRenderer.class:?]
	at net.minecraftforge.client.ForgeHooksClient.renderInventoryItem(ForgeHooksClient.java:183) [ForgeHooksClient.class:?]
	at net.minecraft.client.renderer.entity.RenderItem.renderItemAndEffectIntoGUI(RenderItem.java:583) [RenderItem.class:?]
	at codechicken.nei.guihook.GuiContainerManager.drawSlotItem(GuiContainerManager.java:489) [GuiContainerManager.class:?]
	at net.minecraft.client.gui.inventory.GuiContainer.func_146977_a(GuiContainer.java:288) [GuiContainer.class:?]
	at net.minecraft.client.gui.inventory.GuiContainer.drawScreen(GuiContainer.java:114) [GuiContainer.class:?]
	at net.minecraft.client.renderer.InventoryEffectRenderer.drawScreen(InventoryEffectRenderer.java:44) [InventoryEffectRenderer.class:?]
	at net.minecraft.client.gui.inventory.GuiContainerCreative.drawScreen(GuiContainerCreative.java:673) [GuiContainerCreative.class:?]
	at net.minecraft.client.renderer.EntityRenderer.updateCameraAndRender(EntityRenderer.java:1137) [EntityRenderer.class:?]
	at net.minecraft.client.Minecraft.runGameLoop(Minecraft.java:1067) [Minecraft.class:?]
	at net.minecraft.client.Minecraft.run(Minecraft.java:962) [Minecraft.class:?]
	at net.minecraft.client.main.Main.main(Main.java:164) [Main.class:?]
	at sun.reflect.NativeMethodAccessorImpl.invoke0(Native Method) ~[?:1.8.0_144]
	at sun.reflect.NativeMethodAccessorImpl.invoke(NativeMethodAccessorImpl.java:62) ~[?:1.8.0_144]
	at sun.reflect.DelegatingMethodAccessorImpl.invoke(DelegatingMethodAccessorImpl.java:43) ~[?:1.8.0_144]
	at java.lang.reflect.Method.invoke(Method.java:498) ~[?:1.8.0_144]
	at net.minecraft.launchwrapper.Launch.launch(Launch.java:135) [launchwrapper-1.12.jar:?]
	at net.minecraft.launchwrapper.Launch.main(Launch.java:28) [launchwrapper-1.12.jar:?]
	at net.minecraftforge.gradle.GradleStartCommon.launch(Unknown Source) [start/:?]
	at GradleStart.main(Unknown Source) [start/:?]
[09:49:33] [Server thread/INFO]: Saving and pausing game...
[09:49:33] [Server thread/INFO]: Saving chunks for level 'New World'/Overworld
[09:49:33] [Server thread/INFO]: Saving chunks for level 'New World'/Nether
[09:49:33] [Server thread/INFO]: Saving chunks for level 'New World'/The End
ks-atlas
[09:48:42] [Client thread/INFO]: Created: 16x16 textures/items-atlas
[09:48:58] [Client thread/INFO]: Stopping!
