[09:51:55] [main/DEBUG] [FML/]: Injecting tracing printstreams for STDOUT/STDERR.
[09:51:55] [main/INFO] [FML/]: Forge Mod Loader version 7.99.40.1614 for Minecraft 1.7.10 loading
[09:51:55] [main/INFO] [FML/]: Java is Java HotSpot(TM) 64-Bit Server VM, version 1.8.0_144, running on Windows 10:amd64:10.0, installed at C:\Program Files\Java\jdk1.8.0_144\jre
[09:51:55] [main/DEBUG] [FML/]: Java classpath at launch is C:\Program Files\Java\jdk1.8.0_144\jre\lib\resources.jar;C:\Program Files\Java\jdk1.8.0_144\jre\lib\rt.jar;C:\Program Files\Java\jdk1.8.0_144\jre\lib\jsse.jar;C:\Program Files\Java\jdk1.8.0_144\jre\lib\jce.jar;C:\Program Files\Java\jdk1.8.0_144\jre\lib\charsets.jar;C:\Program Files\Java\jdk1.8.0_144\jre\lib\jfr.jar;C:\Program Files\Java\jdk1.8.0_144\jre\lib\ext\access-bridge-64.jar;C:\Program Files\Java\jdk1.8.0_144\jre\lib\ext\cldrdata.jar;C:\Program Files\Java\jdk1.8.0_144\jre\lib\ext\dnsns.jar;C:\Program Files\Java\jdk1.8.0_144\jre\lib\ext\jaccess.jar;C:\Program Files\Java\jdk1.8.0_144\jre\lib\ext\jfxrt.jar;C:\Program Files\Java\jdk1.8.0_144\jre\lib\ext\localedata.jar;C:\Program Files\Java\jdk1.8.0_144\jre\lib\ext\nashorn.jar;C:\Program Files\Java\jdk1.8.0_144\jre\lib\ext\sunec.jar;C:\Program Files\Java\jdk1.8.0_144\jre\lib\ext\sunjce_provider.jar;C:\Program Files\Java\jdk1.8.0_144\jre\lib\ext\sunmscapi.jar;C:\Program Files\Java\jdk1.8.0_144\jre\lib\ext\sunpkcs11.jar;C:\Program Files\Java\jdk1.8.0_144\jre\lib\ext\zipfs.jar;C:\Users\Brock\Desktop\ElectroInductors\bin;C:\Users\Brock\.gradle\caches\minecraft\net\minecraftforge\forge\1.7.10-10.13.4.1614-1.7.10\forgeSrc-1.7.10-10.13.4.1614-1.7.10.jar;C:\Users\Brock\.gradle\caches\modules-2\files-2.1\net.minecraft\launchwrapper\1.12\111e7bea9c968cdb3d06ef4632bf7ff0824d0f36\launchwrapper-1.12.jar;C:\Users\Brock\.gradle\caches\modules-2\files-2.1\com.google.code.findbugs\jsr305\1.3.9\40719ea6961c0cb6afaeb6a921eaa1f6afd4cfdf\jsr305-1.3.9.jar;C:\Users\Brock\.gradle\caches\modules-2\files-2.1\org.ow2.asm\asm-debug-all\5.0.3\f9e364ae2a66ce2a543012a4668856e84e5dab74\asm-debug-all-5.0.3.jar;C:\Users\Brock\.gradle\caches\modules-2\files-2.1\com.typesafe.akka\akka-actor_2.11\2.3.3\ed62e9fc709ca0f2ff1a3220daa8b70a2870078e\akka-actor_2.11-2.3.3.jar;C:\Users\Brock\.gradle\caches\modules-2\files-2.1\com.typesafe\config\1.2.1\f771f71fdae3df231bcd54d5ca2d57f0bf93f467\config-1.2.1.jar;C:\Users\Brock\.gradle\caches\modules-2\files-2.1\org.scala-lang\scala-actors-migration_2.11\1.1.0\dfa8bc42b181d5b9f1a5dd147f8ae308b893eb6f\scala-actors-migration_2.11-1.1.0.jar;C:\Users\Brock\.gradle\caches\modules-2\files-2.1\org.scala-lang\scala-compiler\2.11.1\56ea2e6c025e0821f28d73ca271218b8dd04926a\scala-compiler-2.11.1.jar;C:\Users\Brock\.gradle\caches\modules-2\files-2.1\org.scala-lang.plugins\scala-continuations-library_2.11\1.0.2\e517c53a7e9acd6b1668c5a35eccbaa3bab9aac\scala-continuations-library_2.11-1.0.2.jar;C:\Users\Brock\.gradle\caches\modules-2\files-2.1\org.scala-lang.plugins\scala-continuations-plugin_2.11.1\1.0.2\f361a3283452c57fa30c1ee69448995de23c60f7\scala-continuations-plugin_2.11.1-1.0.2.jar;C:\Users\Brock\.gradle\caches\modules-2\files-2.1\org.scala-lang\scala-library\2.11.1\e11da23da3eabab9f4777b9220e60d44c1aab6a\scala-library-2.11.1.jar;C:\Users\Brock\.gradle\caches\modules-2\files-2.1\org.scala-lang\scala-parser-combinators_2.11\1.0.1\f05d7345bf5a58924f2837c6c1f4d73a938e1ff0\scala-parser-combinators_2.11-1.0.1.jar;C:\Users\Brock\.gradle\caches\modules-2\files-2.1\org.scala-lang\scala-reflect\2.11.1\6580347e61cc7f8e802941e7fde40fa83b8badeb\scala-reflect-2.11.1.jar;C:\Users\Brock\.gradle\caches\modules-2\files-2.1\org.scala-lang\scala-swing_2.11\1.0.1\b1cdd92bd47b1e1837139c1c53020e86bb9112ae\scala-swing_2.11-1.0.1.jar;C:\Users\Brock\.gradle\caches\modules-2\files-2.1\org.scala-lang\scala-xml_2.11\1.0.2\7a80ec00aec122fba7cd4e0d4cdd87ff7e4cb6d0\scala-xml_2.11-1.0.2.jar;C:\Users\Brock\.gradle\caches\modules-2\files-2.1\net.sf.jopt-simple\jopt-simple\4.5\6065cc95c661255349c1d0756657be17c29a4fd3\jopt-simple-4.5.jar;C:\Users\Brock\.gradle\caches\modules-2\files-2.1\lzma\lzma\0.0.1\521616dc7487b42bef0e803bd2fa3faf668101d7\lzma-0.0.1.jar;C:\Users\Brock\.gradle\caches\modules-2\files-2.1\com.mojang\realms\1.3.5\807ae355ee63583becd7ea60e76aab1532bb42e\realms-1.3.5.jar;C:\Users\Brock\.gradle\caches\modules-2\files-2.1\org.apache.commons\commons-compress\1.8.1\a698750c16740fd5b3871425f4cb3bbaa87f529d\commons-compress-1.8.1.jar;C:\Users\Brock\.gradle\caches\modules-2\files-2.1\org.apache.httpcomponents\httpclient\4.3.3\18f4247ff4572a074444572cee34647c43e7c9c7\httpclient-4.3.3.jar;C:\Users\Brock\.gradle\caches\modules-2\files-2.1\commons-logging\commons-logging\1.1.3\f6f66e966c70a83ffbdb6f17a0919eaf7c8aca7f\commons-logging-1.1.3.jar;C:\Users\Brock\.gradle\caches\modules-2\files-2.1\org.apache.httpcomponents\httpcore\4.3.2\31fbbff1ddbf98f3aa7377c94d33b0447c646b6e\httpcore-4.3.2.jar;C:\Users\Brock\.gradle\caches\modules-2\files-2.1\java3d\vecmath\1.3.1\a0ae4f51da409fa0c20fa0ca59e6bbc9413ae71d\vecmath-1.3.1.jar;C:\Users\Brock\.gradle\caches\modules-2\files-2.1\net.sf.trove4j\trove4j\3.0.3\42ccaf4761f0dfdfa805c9e340d99a755907e2dd\trove4j-3.0.3.jar;C:\Users\Brock\.gradle\caches\modules-2\files-2.1\com.ibm.icu\icu4j-core-mojang\51.2\63d216a9311cca6be337c1e458e587f99d382b84\icu4j-core-mojang-51.2.jar;C:\Users\Brock\.gradle\caches\modules-2\files-2.1\com.paulscode\codecjorbis\20101023\c73b5636faf089d9f00e8732a829577de25237ee\codecjorbis-20101023.jar;C:\Users\Brock\.gradle\caches\modules-2\files-2.1\com.paulscode\codecwav\20101023\12f031cfe88fef5c1dd36c563c0a3a69bd7261da\codecwav-20101023.jar;C:\Users\Brock\.gradle\caches\modules-2\files-2.1\com.paulscode\libraryjavasound\20101123\5c5e304366f75f9eaa2e8cca546a1fb6109348b3\libraryjavasound-20101123.jar;C:\Users\Brock\.gradle\caches\modules-2\files-2.1\com.paulscode\librarylwjglopenal\20100824\73e80d0794c39665aec3f62eee88ca91676674ef\librarylwjglopenal-20100824.jar;C:\Users\Brock\.gradle\caches\modules-2\files-2.1\com.paulscode\soundsystem\20120107\419c05fe9be71f792b2d76cfc9b67f1ed0fec7f6\soundsystem-20120107.jar;C:\Users\Brock\.gradle\caches\modules-2\files-2.1\io.netty\netty-all\4.0.10.Final\9e50bd52ffe257a0e2cd8d971688d6ce7d174325\netty-all-4.0.10.Final.jar;C:\Users\Brock\.gradle\caches\modules-2\files-2.1\com.google.guava\guava\17.0\9c6ef172e8de35fd8d4d8783e4821e57cdef7445\guava-17.0.jar;C:\Users\Brock\.gradle\caches\modules-2\files-2.1\org.apache.commons\commons-lang3\3.3.2\90a3822c38ec8c996e84c16a3477ef632cbc87a3\commons-lang3-3.3.2.jar;C:\Users\Brock\.gradle\caches\modules-2\files-2.1\commons-io\commons-io\2.4\b1b6ea3b7e4aa4f492509a4952029cd8e48019ad\commons-io-2.4.jar;C:\Users\Brock\.gradle\caches\modules-2\files-2.1\commons-codec\commons-codec\1.9\9ce04e34240f674bc72680f8b843b1457383161a\commons-codec-1.9.jar;C:\Users\Brock\.gradle\caches\modules-2\files-2.1\net.java.jinput\jinput\2.0.5\39c7796b469a600f72380316f6b1f11db6c2c7c4\jinput-2.0.5.jar;C:\Users\Brock\.gradle\caches\modules-2\files-2.1\net.java.jutils\jutils\1.0.0\e12fe1fda814bd348c1579329c86943d2cd3c6a6\jutils-1.0.0.jar;C:\Users\Brock\.gradle\caches\modules-2\files-2.1\com.google.code.gson\gson\2.2.4\a60a5e993c98c864010053cb901b7eab25306568\gson-2.2.4.jar;C:\Users\Brock\.gradle\caches\modules-2\files-2.1\com.mojang\authlib\1.5.16\ef1582b11fd0943d069cdcb72e99008ac209a283\authlib-1.5.16.jar;C:\Users\Brock\.gradle\caches\modules-2\files-2.1\org.apache.logging.log4j\log4j-api\2.0-beta9\1dd66e68cccd907880229f9e2de1314bd13ff785\log4j-api-2.0-beta9.jar;C:\Users\Brock\.gradle\caches\modules-2\files-2.1\org.apache.logging.log4j\log4j-core\2.0-beta9\678861ba1b2e1fccb594bb0ca03114bb05da9695\log4j-core-2.0-beta9.jar;C:\Users\Brock\.gradle\caches\modules-2\files-2.1\org.lwjgl.lwjgl\lwjgl\2.9.1\f58c5aabcef0e41718a564be9f8e412fff8db847\lwjgl-2.9.1.jar;C:\Users\Brock\.gradle\caches\modules-2\files-2.1\org.lwjgl.lwjgl\lwjgl_util\2.9.1\290d7ba8a1bd9566f5ddf16ad06f09af5ec9b20e\lwjgl_util-2.9.1.jar;C:\Users\Brock\.gradle\caches\modules-2\files-2.1\tv.twitch\twitch\5.16\1f55f009c61637c10c0acfb8b5ffc600f30044b4\twitch-5.16.jar;C:\Users\Brock\.gradle\caches\modules-2\files-2.1\org.scala-lang\scala-actors\2.11.0\8ccfb6541de179bb1c4d45cf414acee069b7f78b\scala-actors-2.11.0.jar;C:\Users\Brock\.gradle\caches\modules-2\files-2.1\org.scala-lang.modules\scala-xml_2.11\1.0.2\820fbca7e524b530fdadc594c39d49a21ea0337e\scala-xml_2.11-1.0.2.jar;C:\Users\Brock\.gradle\caches\modules-2\files-2.1\org.scala-lang.modules\scala-parser-combinators_2.11\1.0.1\f05d7345bf5a58924f2837c6c1f4d73a938e1ff0\scala-parser-combinators_2.11-1.0.1.jar;C:\Users\Brock\.gradle\caches\modules-2\files-2.1\net.java.jinput\jinput-platform\2.0.5\7ff832a6eb9ab6a767f1ade2b548092d0fa64795\jinput-platform-2.0.5-natives-linux.jar;C:\Users\Brock\.gradle\caches\modules-2\files-2.1\net.java.jinput\jinput-platform\2.0.5\385ee093e01f587f30ee1c8a2ee7d408fd732e16\jinput-platform-2.0.5-natives-windows.jar;C:\Users\Brock\.gradle\caches\modules-2\files-2.1\net.java.jinput\jinput-platform\2.0.5\53f9c919f34d2ca9de8c51fc4e1e8282029a9232\jinput-platform-2.0.5-natives-osx.jar;C:\Users\Brock\.gradle\caches\modules-2\files-2.1\tv.twitch\twitch-platform\5.16\7c6affe439099806a4f552da14c42f9d643d8b23\twitch-platform-5.16-natives-windows-32.jar;C:\Users\Brock\.gradle\caches\modules-2\files-2.1\tv.twitch\twitch-platform\5.16\39d0c3d363735b4785598e0e7fbf8297c706a9f9\twitch-platform-5.16-natives-windows-64.jar;C:\Users\Brock\.gradle\caches\modules-2\files-2.1\tv.twitch\twitch-platform\5.16\62503ee712766cf77f97252e5902786fd834b8c5\twitch-platform-5.16-natives-osx.jar;C:\Users\Brock\.gradle\caches\modules-2\files-2.1\tv.twitch\twitch-external-platform\4.5\18215140f010c05b9f86ef6f0f8871954d2ccebf\twitch-external-platform-4.5-natives-windows-32.jar;C:\Users\Brock\.gradle\caches\modules-2\files-2.1\tv.twitch\twitch-external-platform\4.5\c3cde57891b935d41b6680a9c5e1502eeab76d86\twitch-external-platform-4.5-natives-windows-64.jar;C:\Users\Brock\.gradle\caches\modules-2\files-2.1\org.lwjgl.lwjgl\lwjgl-platform\2.9.1\4c517eca808522457dd95ee8fc1fbcdbb602efbe\lwjgl-platform-2.9.1-natives-windows.jar;C:\Users\Brock\.gradle\caches\modules-2\files-2.1\org.lwjgl.lwjgl\lwjgl-platform\2.9.1\aa9aae879af8eb378e22cfc64db56ec2ca9a44d1\lwjgl-platform-2.9.1-natives-linux.jar;C:\Users\Brock\.gradle\caches\modules-2\files-2.1\org.lwjgl.lwjgl\lwjgl-platform\2.9.1\2d12c83fdfbc04ecabf02c7bc8cc54d034f0daac\lwjgl-platform-2.9.1-natives-osx.jar;C:\Users\Brock\.gradle\caches\minecraft\net\minecraftforge\forge\1.7.10-10.13.4.1614-1.7.10\start;C:\Users\Brock\Desktop\ElectroInductors\eclipse\mods\1.7.10\CodeChickenLib-1.7.10-1.1.3.138-dev.jar;C:\Users\Brock\Desktop\ElectroInductors\eclipse\mods\1.7.10\ForgeMultipart-1.7.10-1.2.0.347-dev.jar;C:\Users\Brock\Desktop\ElectroInductors\eclipse\mods\CodeChickenCore-1.7.10-1.0.7.47-dev.jar
[09:51:55] [main/DEBUG] [FML/]: Java library path at launch is C:\Program Files\Java\jdk1.8.0_144\bin;C:\WINDOWS\Sun\Java\bin;C:\WINDOWS\system32;C:\WINDOWS;C:/Program Files/Java/jdk1.8.0_144/jre/bin/server;C:/Program Files/Java/jdk1.8.0_144/jre/bin;C:/Program Files/Java/jdk1.8.0_144/jre/lib/amd64;C:\Program Files (x86)\Razer Chroma SDK\bin;C:\Program Files\Razer Chroma SDK\bin;C:\Windows\system32;C:\Windows;C:\Windows\System32\Wbem;C:\Windows\System32\WindowsPowerShell\v1.0\;C:\Program Files (x86)\GtkSharp\2.12\bin;C:\Users\Brock\AppData\Local\Microsoft\WindowsApps;C:\Program Files\WorldPainter;C:\Program Files (x86)\NVIDIA Corporation\PhysX\Common;C:\WINDOWS\system32;C:\WINDOWS;C:\WINDOWS\System32\Wbem;C:\WINDOWS\System32\WindowsPowerShell\v1.0\;C:\Program Files\Git\cmd;C:\Users\Brock\AppData\Local\Microsoft\WindowsApps;C:\Program Files\Microsoft VS Code\bin;C:\Users\Brock\AppData\Local\GitHubDesktop\bin;C:\Users\Brock\Desktop\Apps;;.;C:/Users/Brock/.gradle/caches/minecraft/net/minecraft/minecraft_natives/1.7.10
[09:51:55] [main/INFO] [FML/]: Managed to load a deobfuscated Minecraft name- we are in a deobfuscated environment. Skipping runtime deobfuscation
[09:51:55] [main/DEBUG] [FML/]: Instantiating coremod class FMLCorePlugin
[09:51:55] [main/DEBUG] [FML/]: Added access transformer class cpw.mods.fml.common.asm.transformers.AccessTransformer to enqueued access transformers
[09:51:55] [main/DEBUG] [FML/]: Enqueued coremod FMLCorePlugin
[09:51:55] [main/DEBUG] [FML/]: Instantiating coremod class FMLForgePlugin
[09:51:55] [main/DEBUG] [FML/]: Added access transformer class net.minecraftforge.transformers.ForgeAccessTransformer to enqueued access transformers
[09:51:55] [main/DEBUG] [FML/]: Enqueued coremod FMLForgePlugin
[09:51:55] [main/DEBUG] [FML/]: All fundamental core mods are successfully located
[09:51:55] [main/INFO] [FML/]: Found a command line coremod : codechicken.core.launch.CodeChickenCorePlugin
[09:51:55] [main/DEBUG] [FML/]: Instantiating coremod class CodeChickenCorePlugin
[09:51:55] [main/WARN] [FML/]: The coremod codechicken.core.launch.CodeChickenCorePlugin does not have a MCVersion annotation, it may cause issues with this version of Minecraft
[09:51:55] [main/DEBUG] [FML/]: Added access transformer class codechicken.core.asm.CodeChickenAccessTransformer to enqueued access transformers
[09:51:55] [main/DEBUG] [FML/]: Enqueued coremod CodeChickenCorePlugin
[09:51:55] [main/INFO] [FML/]: Found a command line coremod : codechicken.core.launch.DepLoader
[09:51:55] [main/DEBUG] [FML/]: Instantiating coremod class DepLoader
[09:51:55] [main/WARN] [FML/]: The coremod codechicken.core.launch.DepLoader does not have a MCVersion annotation, it may cause issues with this version of Minecraft
[09:51:55] [main/DEBUG] [FML/]: Enqueued coremod DepLoader
[09:51:55] [main/DEBUG] [FML/]: Attempting to load commandline specified mods, relative to C:\Users\Brock\Desktop\ElectroInductors\eclipse\.
[09:51:55] [main/DEBUG] [FML/]: Discovering coremods
[09:51:55] [main/DEBUG] [FML/]: Examining for coremod candidacy CodeChickenCore-1.7.10-1.0.7.47-dev.jar
[09:51:55] [main/TRACE] [FML/]: Adding CodeChickenCore-1.7.10-1.0.7.47-dev.jar to the list of known coremods, it will not be examined again
[09:51:55] [main/DEBUG] [FML/]: Instantiating coremod class CodeChickenCorePlugin
[09:51:55] [main/WARN] [FML/]: The coremod codechicken.core.launch.CodeChickenCorePlugin does not have a MCVersion annotation, it may cause issues with this version of Minecraft
[09:51:55] [main/DEBUG] [FML/]: Added access transformer class codechicken.core.asm.CodeChickenAccessTransformer to enqueued access transformers
[09:51:55] [main/DEBUG] [FML/]: Enqueued coremod CodeChickenCorePlugin
[09:51:55] [main/DEBUG] [FML/]: Examining for coremod candidacy CodeChickenLib-1.7.10-1.1.3.138-dev.jar
[09:51:55] [main/DEBUG] [FML/]: Not found coremod data in CodeChickenLib-1.7.10-1.1.3.138-dev.jar
[09:51:55] [main/DEBUG] [FML/]: Examining for coremod candidacy ForgeMultipart-1.7.10-1.2.0.347-dev.jar
[09:51:55] [main/TRACE] [FML/]: Found FMLCorePluginContainsFMLMod marker in ForgeMultipart-1.7.10-1.2.0.347-dev.jar, it will be examined later for regular @Mod instances
[09:51:55] [main/DEBUG] [FML/]: Instantiating coremod class DepLoader
[09:51:55] [main/WARN] [FML/]: The coremod codechicken.core.launch.DepLoader does not have a MCVersion annotation, it may cause issues with this version of Minecraft
[09:51:55] [main/DEBUG] [FML/]: Enqueued coremod DepLoader
[09:51:55] [main/DEBUG] [FML/]: Examining for coremod candidacy NotEnoughItems-1.7.10-1.0.5.120-dev.jar
[09:51:55] [main/TRACE] [FML/]: Adding NotEnoughItems-1.7.10-1.0.5.120-dev.jar to the list of known coremods, it will not be examined again
[09:51:55] [main/DEBUG] [FML/]: Instantiating coremod class NEICorePlugin
[09:51:55] [main/WARN] [FML/]: The coremod codechicken.nei.asm.NEICorePlugin does not have a MCVersion annotation, it may cause issues with this version of Minecraft
[09:51:55] [main/DEBUG] [FML/]: Enqueued coremod NEICorePlugin
[09:51:55] [main/INFO] [LaunchWrapper/]: Calling tweak class net.minecraftforge.gradle.tweakers.CoremodTweaker
[09:51:55] [main/INFO] [GradleStart/]: Injecting location in coremod cpw.mods.fml.relauncher.FMLCorePlugin
[09:51:55] [main/INFO] [GradleStart/]: Injecting location in coremod net.minecraftforge.classloading.FMLForgePlugin
[09:51:55] [main/INFO] [GradleStart/]: Injecting location in coremod codechicken.core.asm.MCPDeobfuscationTransformer.LoadPlugin
[09:51:55] [main/INFO] [GradleStart/]: Injecting location in coremod codechicken.core.launch.CodeChickenCorePlugin
[09:51:55] [main/INFO] [GradleStart/]: Injecting location in coremod codechicken.core.launch.DepLoader
[09:51:55] [main/INFO] [GradleStart/]: Injecting location in coremod codechicken.core.launch.CodeChickenCorePlugin
[09:51:55] [main/INFO] [GradleStart/]: Injecting location in coremod codechicken.core.launch.DepLoader
[09:51:55] [main/INFO] [GradleStart/]: Injecting location in coremod codechicken.nei.asm.NEICorePlugin
[09:51:55] [main/INFO] [LaunchWrapper/]: Loading tweak class name cpw.mods.fml.common.launcher.FMLInjectionAndSortingTweaker
[09:51:55] [main/INFO] [LaunchWrapper/]: Loading tweak class name cpw.mods.fml.common.launcher.FMLDeobfTweaker
[09:51:55] [main/INFO] [LaunchWrapper/]: Loading tweak class name net.minecraftforge.gradle.tweakers.AccessTransformerTweaker
[09:51:55] [main/INFO] [LaunchWrapper/]: Calling tweak class cpw.mods.fml.common.launcher.FMLInjectionAndSortingTweaker
[09:51:55] [main/INFO] [LaunchWrapper/]: Calling tweak class cpw.mods.fml.common.launcher.FMLInjectionAndSortingTweaker
[09:51:55] [main/INFO] [LaunchWrapper/]: Calling tweak class cpw.mods.fml.relauncher.CoreModManager$FMLPluginWrapper
[09:51:55] [main/DEBUG] [FML/]: Injecting coremod FMLCorePlugin {cpw.mods.fml.relauncher.FMLCorePlugin} class transformers
[09:51:55] [main/TRACE] [FML/]: Registering transformer cpw.mods.fml.common.asm.transformers.MarkerTransformer
[09:51:55] [main/TRACE] [FML/]: Registering transformer cpw.mods.fml.common.asm.transformers.SideTransformer
[09:51:55] [main/TRACE] [FML/]: Registering transformer cpw.mods.fml.common.asm.transformers.EventSubscriptionTransformer
[09:51:55] [main/DEBUG] [FML/]: Injection complete
[09:51:55] [main/DEBUG] [FML/]: Running coremod plugin for FMLCorePlugin {cpw.mods.fml.relauncher.FMLCorePlugin}
[09:51:55] [main/DEBUG] [FML/]: Running coremod plugin FMLCorePlugin
[09:51:55] [main/ERROR] [FML/]: The binary patch set is missing. Either you are in a development environment, or things are not going to work!
[09:51:56] [main/ERROR] [FML/]: FML appears to be missing any signature data. This is not a good thing
[09:51:56] [main/DEBUG] [FML/]: Coremod plugin class FMLCorePlugin run successfully
[09:51:56] [main/INFO] [LaunchWrapper/]: Calling tweak class cpw.mods.fml.relauncher.CoreModManager$FMLPluginWrapper
[09:51:56] [main/DEBUG] [FML/]: Injecting coremod FMLForgePlugin {net.minecraftforge.classloading.FMLForgePlugin} class transformers
[09:51:56] [main/TRACE] [FML/]: Registering transformer net.minecraftforge.classloading.FluidIdTransformer
[09:51:56] [main/DEBUG] [FML/]: Injection complete
[09:51:56] [main/DEBUG] [FML/]: Running coremod plugin for FMLForgePlugin {net.minecraftforge.classloading.FMLForgePlugin}
[09:51:56] [main/DEBUG] [FML/]: Running coremod plugin FMLForgePlugin
[09:51:56] [main/DEBUG] [FML/]: Coremod plugin class FMLForgePlugin run successfully
[09:51:56] [main/INFO] [LaunchWrapper/]: Calling tweak class cpw.mods.fml.relauncher.CoreModManager$FMLPluginWrapper
[09:51:56] [main/DEBUG] [FML/]: Injecting coremod CCCDeobfPlugin {codechicken.core.asm.MCPDeobfuscationTransformer$LoadPlugin} class transformers
[09:51:56] [main/DEBUG] [FML/]: Injection complete
[09:51:56] [main/DEBUG] [FML/]: Running coremod plugin for CCCDeobfPlugin {codechicken.core.asm.MCPDeobfuscationTransformer$LoadPlugin}
[09:51:56] [main/DEBUG] [FML/]: Running coremod plugin CCCDeobfPlugin
[09:51:57] [main/DEBUG] [FML/]: Coremod plugin class LoadPlugin run successfully
[09:51:57] [main/INFO] [LaunchWrapper/]: Calling tweak class cpw.mods.fml.relauncher.CoreModManager$FMLPluginWrapper
[09:51:57] [main/DEBUG] [FML/]: Injecting coremod CodeChickenCorePlugin {codechicken.core.launch.CodeChickenCorePlugin} class transformers
[09:51:57] [main/TRACE] [FML/]: Registering transformer codechicken.lib.asm.ClassHeirachyManager
[09:51:57] [main/TRACE] [FML/]: Registering transformer codechicken.core.asm.InterfaceDependancyTransformer
[09:51:57] [main/TRACE] [FML/]: Registering transformer codechicken.core.asm.TweakTransformer
[09:51:57] [main/TRACE] [FML/]: Registering transformer codechicken.core.asm.DelegatedTransformer
[09:51:57] [main/TRACE] [FML/]: Registering transformer codechicken.core.asm.DefaultImplementationTransformer
[09:51:57] [main/DEBUG] [FML/]: Injection complete
[09:51:57] [main/DEBUG] [FML/]: Running coremod plugin for CodeChickenCorePlugin {codechicken.core.launch.CodeChickenCorePlugin}
[09:51:57] [main/DEBUG] [FML/]: Running coremod plugin CodeChickenCorePlugin
[09:51:57] [main/DEBUG] [FML/]: Coremod plugin class CodeChickenCorePlugin run successfully
[09:51:57] [main/INFO] [LaunchWrapper/]: Calling tweak class cpw.mods.fml.relauncher.CoreModManager$FMLPluginWrapper
[09:51:57] [main/DEBUG] [FML/]: Injecting coremod DepLoader {codechicken.core.launch.DepLoader} class transformers
[09:51:57] [main/DEBUG] [FML/]: Injection complete
[09:51:57] [main/DEBUG] [FML/]: Running coremod plugin for DepLoader {codechicken.core.launch.DepLoader}
[09:51:57] [main/DEBUG] [FML/]: Running coremod plugin DepLoader
[09:51:57] [main/DEBUG] [FML/]: Coremod plugin class DepLoader run successfully
[09:51:57] [main/INFO] [LaunchWrapper/]: Calling tweak class cpw.mods.fml.relauncher.CoreModManager$FMLPluginWrapper
[09:51:57] [main/DEBUG] [FML/]: Injecting coremod CodeChickenCorePlugin {codechicken.core.launch.CodeChickenCorePlugin} class transformers
[09:51:57] [main/TRACE] [FML/]: Registering transformer codechicken.lib.asm.ClassHeirachyManager
[09:51:57] [main/TRACE] [FML/]: Registering transformer codechicken.core.asm.InterfaceDependancyTransformer
[09:51:57] [main/TRACE] [FML/]: Registering transformer codechicken.core.asm.TweakTransformer
[09:51:57] [main/TRACE] [FML/]: Registering transformer codechicken.core.asm.DelegatedTransformer
[09:51:57] [main/TRACE] [FML/]: Registering transformer codechicken.core.asm.DefaultImplementationTransformer
[09:51:57] [main/DEBUG] [FML/]: Injection complete
[09:51:57] [main/DEBUG] [FML/]: Running coremod plugin for CodeChickenCorePlugin {codechicken.core.launch.CodeChickenCorePlugin}
[09:51:57] [main/DEBUG] [FML/]: Running coremod plugin CodeChickenCorePlugin
[09:51:57] [main/DEBUG] [FML/]: Coremod plugin class CodeChickenCorePlugin run successfully
[09:51:57] [main/INFO] [LaunchWrapper/]: Calling tweak class cpw.mods.fml.relauncher.CoreModManager$FMLPluginWrapper
[09:51:57] [main/DEBUG] [FML/]: Injecting coremod DepLoader {codechicken.core.launch.DepLoader} class transformers
[09:51:57] [main/DEBUG] [FML/]: Injection complete
[09:51:57] [main/DEBUG] [FML/]: Running coremod plugin for DepLoader {codechicken.core.launch.DepLoader}
[09:51:57] [main/DEBUG] [FML/]: Running coremod plugin DepLoader
[09:51:57] [main/DEBUG] [FML/]: Coremod plugin class DepLoader run successfully
[09:51:57] [main/INFO] [LaunchWrapper/]: Calling tweak class cpw.mods.fml.relauncher.CoreModManager$FMLPluginWrapper
[09:51:57] [main/DEBUG] [FML/]: Injecting coremod NEICorePlugin {codechicken.nei.asm.NEICorePlugin} class transformers
[09:51:57] [main/TRACE] [FML/]: Registering transformer codechicken.nei.asm.NEITransformer
[09:51:57] [main/DEBUG] [FML/]: Injection complete
[09:51:57] [main/DEBUG] [FML/]: Running coremod plugin for NEICorePlugin {codechicken.nei.asm.NEICorePlugin}
[09:51:57] [main/DEBUG] [FML/]: Running coremod plugin NEICorePlugin
[09:51:57] [main/DEBUG] [FML/]: Coremod plugin class NEICorePlugin run successfully
[09:51:57] [main/INFO] [LaunchWrapper/]: Calling tweak class cpw.mods.fml.common.launcher.FMLDeobfTweaker
[09:51:57] [main/DEBUG] [FML/]: Loaded 57 rules from AccessTransformer config file fml_at.cfg
[09:51:57] [main/DEBUG] [FML/]: Loaded 89 rules from AccessTransformer config file forge_at.cfg
[09:51:57] [main/DEBUG] [FML/]: Loaded 57 rules from AccessTransformer config file fml_at.cfg
[09:51:57] [main/DEBUG] [FML/]: Loaded 57 rules from AccessTransformer config file fml_at.cfg
[09:51:57] [main/DEBUG] [FML/]: Loaded 11 rules from AccessTransformer mod jar file C:\Users\Brock\Desktop\ElectroInductors\eclipse\mods\NotEnoughItems-1.7.10-1.0.5.120-dev.jar!META-INF/nei_at.cfg

[09:51:57] [main/DEBUG] [FML/]: Validating minecraft
[09:51:57] [main/DEBUG] [FML/]: Minecraft validated, launching...
[09:51:57] [main/INFO] [LaunchWrapper/]: Calling tweak class net.minecraftforge.gradle.tweakers.AccessTransformerTweaker
[09:51:57] [main/DEBUG] [GradleStart/]: Reading CSV file: C:\Users\Brock\.gradle\caches\minecraft\net\minecraftforge\forge\1.7.10-10.13.4.1614-1.7.10\unpacked\conf\fields.csv
[09:51:57] [main/DEBUG] [GradleStart/]: Reading CSV file: C:\Users\Brock\.gradle\caches\minecraft\net\minecraftforge\forge\1.7.10-10.13.4.1614-1.7.10\unpacked\conf\methods.csv
[09:51:57] [main/INFO] [GradleStart/]: Remapping AccessTransformer rules...
[09:51:57] [main/INFO] [LaunchWrapper/]: Loading tweak class name cpw.mods.fml.common.launcher.TerminalTweaker
[09:51:57] [main/INFO] [LaunchWrapper/]: Calling tweak class cpw.mods.fml.common.launcher.TerminalTweaker
[09:51:57] [main/INFO] [LaunchWrapper/]: Launching wrapped minecraft {net.minecraft.client.main.Main}
[09:51:58] [main/DEBUG] [CCL ASM/]: Inserted super call into [net/minecraft/client/renderer/InventoryEffectRenderer.updateScreen()V]
[09:51:58] [main/DEBUG] [CCL ASM/]: Writing method [net/minecraft/client/gui/inventory/GuiContainer.setWorldAndResolution(Lnet/minecraft/client/Minecraft;II)V]
[09:51:58] [main/DEBUG] [CCL ASM/]: Writing method [net/minecraft/client/gui/inventory/GuiContainer.handleKeyboardInput()V]
[09:51:58] [main/DEBUG] [CCL ASM/]: Writing method [net/minecraft/client/gui/inventory/GuiContainer.handleKeyboardInput()V]
[09:51:58] [main/DEBUG] [CCL ASM/]: Writing method [net/minecraft/client/gui/inventory/GuiContainer.handleKeyboardInput()V]
[09:51:58] [main/DEBUG] [CCL ASM/]: Writing method [net/minecraft/client/gui/inventory/GuiContainer.handleMouseInput()V]
[09:51:58] [main/DEBUG] [CCL ASM/]: Writing method [net/minecraft/client/gui/inventory/GuiContainer.public_func_73869_a(CI)V]
[09:51:58] [main/DEBUG] [CCL ASM/]: Writing method [net/minecraft/client/gui/inventory/GuiContainer.public_func_146984_a(Lnet/minecraft/inventory/Slot;III)V]
[09:51:58] [main/DEBUG] [CCL ASM/]: Injecting before method [net/minecraft/client/gui/inventory/GuiContainer.drawScreen(IIF)V]
[09:51:58] [main/DEBUG] [CCL ASM/]: Injecting after method [net/minecraft/client/gui/inventory/GuiContainer.drawScreen(IIF)V] @ 138 - 140
[09:51:58] [main/DEBUG] [CCL ASM/]: Injecting after method [net/minecraft/client/gui/inventory/GuiContainer.drawScreen(IIF)V] @ 220 - 225
[09:51:58] [main/DEBUG] [CCL ASM/]: Replacing method [net/minecraft/client/gui/inventory/GuiContainer.drawScreen(IIF)V] @ 444 - 470
[09:51:58] [main/DEBUG] [CCL ASM/]: Replacing method [net/minecraft/client/gui/inventory/GuiContainer.drawItemStack(Lnet/minecraft/item/ItemStack;IILjava/lang/String;)V] @ 9 - 10
[09:51:58] [main/DEBUG] [CCL ASM/]: Replacing method [net/minecraft/client/gui/inventory/GuiContainer.drawItemStack(Lnet/minecraft/item/ItemStack;IILjava/lang/String;)V] @ 14 - 15
[09:51:58] [main/DEBUG] [CCL ASM/]: Replacing method [net/minecraft/client/gui/inventory/GuiContainer.func_146977_a(Lnet/minecraft/inventory/Slot;)V] @ 298 - 323
[09:51:58] [main/DEBUG] [CCL ASM/]: Injecting before method [net/minecraft/client/gui/inventory/GuiContainer.mouseClicked(III)V]
[09:51:58] [main/DEBUG] [CCL ASM/]: Replacing method [net/minecraft/client/gui/inventory/GuiContainer.mouseClicked(III)V] @ 259 - 260
[09:51:58] [main/DEBUG] [CCL ASM/]: Replacing method [net/minecraft/client/gui/inventory/GuiContainer.mouseClicked(III)V] @ 331 - 332
[09:51:58] [main/DEBUG] [CCL ASM/]: Replacing method [net/minecraft/client/gui/inventory/GuiContainer.mouseClickMove(IIIJ)V] @ 98 - 99
[09:51:58] [main/DEBUG] [CCL ASM/]: Replacing method [net/minecraft/client/gui/inventory/GuiContainer.mouseClickMove(IIIJ)V] @ 107 - 108
[09:51:58] [main/DEBUG] [CCL ASM/]: Replacing method [net/minecraft/client/gui/inventory/GuiContainer.mouseClickMove(IIIJ)V] @ 118 - 119
[09:51:58] [main/DEBUG] [CCL ASM/]: Replacing method [net/minecraft/client/gui/inventory/GuiContainer.mouseMovedOrUp(III)V] @ 158 - 159
[09:51:58] [main/DEBUG] [CCL ASM/]: Replacing method [net/minecraft/client/gui/inventory/GuiContainer.mouseMovedOrUp(III)V] @ 168 - 169
[09:51:58] [main/DEBUG] [CCL ASM/]: Replacing method [net/minecraft/client/gui/inventory/GuiContainer.mouseMovedOrUp(III)V] @ 287 - 288
[09:51:58] [main/DEBUG] [CCL ASM/]: Replacing method [net/minecraft/client/gui/inventory/GuiContainer.mouseMovedOrUp(III)V] @ 295 - 296
[09:51:58] [main/DEBUG] [CCL ASM/]: Replacing method [net/minecraft/client/gui/inventory/GuiContainer.mouseMovedOrUp(III)V] @ 314 - 315
[09:51:58] [main/DEBUG] [CCL ASM/]: Replacing method [net/minecraft/client/gui/inventory/GuiContainer.mouseMovedOrUp(III)V] @ 424 - 425
[09:51:58] [main/DEBUG] [CCL ASM/]: Replacing method [net/minecraft/client/gui/inventory/GuiContainer.mouseMovedOrUp(III)V] @ 454 - 455
[09:51:58] [main/DEBUG] [CCL ASM/]: Replacing method [net/minecraft/client/gui/inventory/GuiContainer.mouseMovedOrUp(III)V] @ 468 - 469
[09:51:58] [main/DEBUG] [CCL ASM/]: Replacing method [net/minecraft/client/gui/inventory/GuiContainer.mouseMovedOrUp(III)V] @ 497 - 498
[09:51:58] [main/DEBUG] [CCL ASM/]: Replacing method [net/minecraft/client/gui/inventory/GuiContainer.mouseMovedOrUp(III)V] @ 557 - 559
[09:51:58] [main/DEBUG] [CCL ASM/]: Replacing method [net/minecraft/client/gui/inventory/GuiContainer.keyTyped(CI)V] @ 54 - 55
[09:51:58] [main/DEBUG] [CCL ASM/]: Replacing method [net/minecraft/client/gui/inventory/GuiContainer.keyTyped(CI)V] @ 84 - 85
[09:51:58] [main/DEBUG] [CCL ASM/]: Replacing method [net/minecraft/client/gui/inventory/GuiContainer.checkHotbarKeys(I)Z] @ 41 - 42
[09:51:58] [main/DEBUG] [CCL ASM/]: Writing method [net/minecraft/client/gui/inventory/GuiContainer.managerHandleMouseClick(Lnet/minecraft/inventory/Slot;III)V]
[09:51:58] [main/DEBUG] [CCL ASM/]: Injecting after method [net/minecraft/client/gui/inventory/GuiContainer.mouseClickMove(IIIJ)V] @ 14 - 15
[09:51:58] [main/DEBUG] [CCL ASM/]: Injecting before method [net/minecraft/client/gui/inventory/GuiContainer.mouseMovedOrUp(III)V]
[09:51:58] [main/DEBUG] [CCL ASM/]: NEI: Injecting mouseUp call
[09:51:58] [main/DEBUG] [CCL ASM/]: Replacing method [net/minecraft/client/gui/inventory/GuiContainer.handleMouseClick(Lnet/minecraft/inventory/Slot;III)V] @ 10 - 26
[09:51:58] [main/DEBUG] [CCL ASM/]: Injecting before method [net/minecraft/client/gui/inventory/GuiContainer.keyTyped(CI)V]
[09:51:58] [main/DEBUG] [CCL ASM/]: Injecting after method [net/minecraft/client/gui/inventory/GuiContainer.updateScreen()V] @ 0 - 4
[09:51:59] [main/DEBUG] [CCL ASM/]: Writing method [net/minecraft/block/Block.canBeReplacedByLeaves(Lnet/minecraft/world/IBlockAccess;III)Z]
[09:51:59] [main/DEBUG] [CCL ASM/]: Writing method [net/minecraft/block/Block.canBeReplacedByLeaves(Lnet/minecraft/world/IBlockAccess;III)Z]
[09:51:59] [main/DEBUG] [CCL ASM/]: Writing method [net/minecraft/block/Block.canBeReplacedByLeaves(Lnet/minecraft/world/IBlockAccess;III)Z]
[09:51:59] [main/DEBUG] [CCL ASM/]: Writing method [net/minecraft/block/Block.canBeReplacedByLeaves(Lnet/minecraft/world/IBlockAccess;III)Z]
[09:52:00] [main/DEBUG] [CCL ASM/]: Writing method [net/minecraft/block/BlockMobSpawner.onBlockPlacedBy(Lnet/minecraft/world/World;IIILnet/minecraft/entity/EntityLivingBase;Lnet/minecraft/item/ItemStack;)V]
[09:52:00] [main/DEBUG] [CCL ASM/]: Injecting before method [net/minecraft/nbt/NBTTagCompound.toString()Ljava/lang/String;] @ 51 - 55
[09:52:00] [main/DEBUG] [CCL ASM/]: Injecting before method [net/minecraft/nbt/NBTTagList.toString()Ljava/lang/String;] @ 56 - 60
[09:52:02] [Client thread/DEBUG] [CCL ASM/]: Replacing method [net/minecraft/client/renderer/entity/RenderItem.renderGlint(IIIII)V] @ 7 - 16
[09:52:02] [Client thread/DEBUG] [FML/]: Bar Finished: Loading Resource - LanguageManager took 0.034s
[09:52:02] [Client thread/INFO] [STDOUT/]: [cpw.mods.fml.client.SplashProgress:start:188]: ---- Minecraft Crash Report ----
// Don't be sad. I'll do better next time, I promise!

Time: 2/16/18 9:52 AM
Description: Loading screen debug info

This is just a prompt for computer specs to be printed. THIS IS NOT A ERROR


A detailed walkthrough of the error, its code path and all known details is as follows:
---------------------------------------------------------------------------------------

-- System Details --
Details:
	Minecraft Version: 1.7.10
	Operating System: Windows 10 (amd64) version 10.0
	Java Version: 1.8.0_144, Oracle Corporation
	Java VM Version: Java HotSpot(TM) 64-Bit Server VM (mixed mode), Oracle Corporation
	Memory: 801167008 bytes (764 MB) / 1037959168 bytes (989 MB) up to 1037959168 bytes (989 MB)
	JVM Flags: 3 total; -Xincgc -Xmx1024M -Xms1024M
	AABB Pool Size: 0 (0 bytes; 0 MB) allocated, 0 (0 bytes; 0 MB) used
	IntCache: cache: 0, tcache: 0, allocated: 0, tallocated: 0
	FML: 
	GL info: ' Vendor: 'NVIDIA Corporation' Version: '4.6.0 NVIDIA 388.43' Renderer: 'GeForce GTX 1050 Ti/PCIe/SSE2'
[09:52:02] [Client thread/INFO] [MinecraftForge/]: Attempting early MinecraftForge initialization
[09:52:02] [Client thread/INFO] [FML/]: MinecraftForge v10.13.4.1614 Initialized
[09:52:02] [Client thread/INFO] [FML/]: Replaced 183 ore recipies
[09:52:03] [Client thread/INFO] [MinecraftForge/]: Completed early MinecraftForge initialization
[09:52:03] [Client thread/DEBUG] [FML/]: File C:\Users\Brock\Desktop\ElectroInductors\eclipse\config\injectedDependencies.json not found. No dependencies injected
[09:52:03] [Client thread/DEBUG] [FML/]: Building injected Mod Containers [cpw.mods.fml.common.FMLContainer, net.minecraftforge.common.ForgeModContainer, codechicken.core.asm.CodeChickenCoreModContainer, codechicken.core.asm.CodeChickenCoreModContainer, codechicken.nei.NEIModContainer]
[09:52:03] [Client thread/DEBUG] [FML/]: Attempting to load mods contained in the minecraft jar file and associated classes
[09:52:03] [Client thread/DEBUG] [FML/]: Found a minecraft related file at C:\Program Files\Java\jdk1.8.0_144\jre\lib\resources.jar, examining for mod candidates
[09:52:03] [Client thread/TRACE] [FML/]: Skipping known library file C:\Program Files\Java\jdk1.8.0_144\jre\lib\rt.jar
[09:52:03] [Client thread/DEBUG] [FML/]: Found a minecraft related file at C:\Program Files\Java\jdk1.8.0_144\jre\lib\jsse.jar, examining for mod candidates
[09:52:03] [Client thread/DEBUG] [FML/]: Found a minecraft related file at C:\Program Files\Java\jdk1.8.0_144\jre\lib\jce.jar, examining for mod candidates
[09:52:03] [Client thread/DEBUG] [FML/]: Found a minecraft related file at C:\Program Files\Java\jdk1.8.0_144\jre\lib\charsets.jar, examining for mod candidates
[09:52:03] [Client thread/DEBUG] [FML/]: Found a minecraft related file at C:\Program Files\Java\jdk1.8.0_144\jre\lib\jfr.jar, examining for mod candidates
[09:52:03] [Client thread/DEBUG] [FML/]: Found a minecraft related file at C:\Program Files\Java\jdk1.8.0_144\jre\lib\ext\access-bridge-64.jar, examining for mod candidates
[09:52:03] [Client thread/DEBUG] [FML/]: Found a minecraft related file at C:\Program Files\Java\jdk1.8.0_144\jre\lib\ext\cldrdata.jar, examining for mod candidates
[09:52:03] [Client thread/DEBUG] [FML/]: Found a minecraft related file at C:\Program Files\Java\jdk1.8.0_144\jre\lib\ext\dnsns.jar, examining for mod candidates
[09:52:03] [Client thread/DEBUG] [FML/]: Found a minecraft related file at C:\Program Files\Java\jdk1.8.0_144\jre\lib\ext\jaccess.jar, examining for mod candidates
[09:52:03] [Client thread/DEBUG] [FML/]: Found a minecraft related file at C:\Program Files\Java\jdk1.8.0_144\jre\lib\ext\jfxrt.jar, examining for mod candidates
[09:52:03] [Client thread/DEBUG] [FML/]: Found a minecraft related file at C:\Program Files\Java\jdk1.8.0_144\jre\lib\ext\localedata.jar, examining for mod candidates
[09:52:03] [Client thread/DEBUG] [FML/]: Found a minecraft related file at C:\Program Files\Java\jdk1.8.0_144\jre\lib\ext\nashorn.jar, examining for mod candidates
[09:52:03] [Client thread/DEBUG] [FML/]: Found a minecraft related file at C:\Program Files\Java\jdk1.8.0_144\jre\lib\ext\sunec.jar, examining for mod candidates
[09:52:03] [Client thread/DEBUG] [FML/]: Found a minecraft related file at C:\Program Files\Java\jdk1.8.0_144\jre\lib\ext\sunjce_provider.jar, examining for mod candidates
[09:52:03] [Client thread/DEBUG] [FML/]: Found a minecraft related file at C:\Program Files\Java\jdk1.8.0_144\jre\lib\ext\sunmscapi.jar, examining for mod candidates
[09:52:03] [Client thread/DEBUG] [FML/]: Found a minecraft related file at C:\Program Files\Java\jdk1.8.0_144\jre\lib\ext\sunpkcs11.jar, examining for mod candidates
[09:52:03] [Client thread/DEBUG] [FML/]: Found a minecraft related file at C:\Program Files\Java\jdk1.8.0_144\jre\lib\ext\zipfs.jar, examining for mod candidates
[09:52:03] [Client thread/DEBUG] [FML/]: Found a minecraft related directory at C:\Users\Brock\Desktop\ElectroInductors\bin, examining for mod candidates
[09:52:03] [Client thread/DEBUG] [FML/]: Found a minecraft related file at C:\Users\Brock\.gradle\caches\minecraft\net\minecraftforge\forge\1.7.10-10.13.4.1614-1.7.10\forgeSrc-1.7.10-10.13.4.1614-1.7.10.jar, examining for mod candidates
[09:52:03] [Client thread/DEBUG] [FML/]: Found a minecraft related file at C:\Users\Brock\.gradle\caches\modules-2\files-2.1\net.minecraft\launchwrapper\1.12\111e7bea9c968cdb3d06ef4632bf7ff0824d0f36\launchwrapper-1.12.jar, examining for mod candidates
[09:52:03] [Client thread/DEBUG] [FML/]: Found a minecraft related file at C:\Users\Brock\.gradle\caches\modules-2\files-2.1\com.google.code.findbugs\jsr305\1.3.9\40719ea6961c0cb6afaeb6a921eaa1f6afd4cfdf\jsr305-1.3.9.jar, examining for mod candidates
[09:52:03] [Client thread/DEBUG] [FML/]: Found a minecraft related file at C:\Users\Brock\.gradle\caches\modules-2\files-2.1\org.ow2.asm\asm-debug-all\5.0.3\f9e364ae2a66ce2a543012a4668856e84e5dab74\asm-debug-all-5.0.3.jar, examining for mod candidates
[09:52:03] [Client thread/DEBUG] [FML/]: Found a minecraft related file at C:\Users\Brock\.gradle\caches\modules-2\files-2.1\com.typesafe.akka\akka-actor_2.11\2.3.3\ed62e9fc709ca0f2ff1a3220daa8b70a2870078e\akka-actor_2.11-2.3.3.jar, examining for mod candidates
[09:52:03] [Client thread/DEBUG] [FML/]: Found a minecraft related file at C:\Users\Brock\.gradle\caches\modules-2\files-2.1\com.typesafe\config\1.2.1\f771f71fdae3df231bcd54d5ca2d57f0bf93f467\config-1.2.1.jar, examining for mod candidates
[09:52:03] [Client thread/DEBUG] [FML/]: Found a minecraft related file at C:\Users\Brock\.gradle\caches\modules-2\files-2.1\org.scala-lang\scala-actors-migration_2.11\1.1.0\dfa8bc42b181d5b9f1a5dd147f8ae308b893eb6f\scala-actors-migration_2.11-1.1.0.jar, examining for mod candidates
[09:52:03] [Client thread/DEBUG] [FML/]: Found a minecraft related file at C:\Users\Brock\.gradle\caches\modules-2\files-2.1\org.scala-lang\scala-compiler\2.11.1\56ea2e6c025e0821f28d73ca271218b8dd04926a\scala-compiler-2.11.1.jar, examining for mod candidates
[09:52:03] [Client thread/DEBUG] [FML/]: Found a minecraft related file at C:\Users\Brock\.gradle\caches\modules-2\files-2.1\org.scala-lang.plugins\scala-continuations-library_2.11\1.0.2\e517c53a7e9acd6b1668c5a35eccbaa3bab9aac\scala-continuations-library_2.11-1.0.2.jar, examining for mod candidates
[09:52:03] [Client thread/DEBUG] [FML/]: Found a minecraft related file at C:\Users\Brock\.gradle\caches\modules-2\files-2.1\org.scala-lang.plugins\scala-continuations-plugin_2.11.1\1.0.2\f361a3283452c57fa30c1ee69448995de23c60f7\scala-continuations-plugin_2.11.1-1.0.2.jar, examining for mod candidates
[09:52:03] [Client thread/DEBUG] [FML/]: Found a minecraft related file at C:\Users\Brock\.gradle\caches\modules-2\files-2.1\org.scala-lang\scala-library\2.11.1\e11da23da3eabab9f4777b9220e60d44c1aab6a\scala-library-2.11.1.jar, examining for mod candidates
[09:52:03] [Client thread/DEBUG] [FML/]: Found a minecraft related file at C:\Users\Brock\.gradle\caches\modules-2\files-2.1\org.scala-lang\scala-parser-combinators_2.11\1.0.1\f05d7345bf5a58924f2837c6c1f4d73a938e1ff0\scala-parser-combinators_2.11-1.0.1.jar, examining for mod candidates
[09:52:03] [Client thread/DEBUG] [FML/]: Found a minecraft related file at C:\Users\Brock\.gradle\caches\modules-2\files-2.1\org.scala-lang\scala-reflect\2.11.1\6580347e61cc7f8e802941e7fde40fa83b8badeb\scala-reflect-2.11.1.jar, examining for mod candidates
[09:52:03] [Client thread/DEBUG] [FML/]: Found a minecraft related file at C:\Users\Brock\.gradle\caches\modules-2\files-2.1\org.scala-lang\scala-swing_2.11\1.0.1\b1cdd92bd47b1e1837139c1c53020e86bb9112ae\scala-swing_2.11-1.0.1.jar, examining for mod candidates
[09:52:03] [Client thread/DEBUG] [FML/]: Found a minecraft related file at C:\Users\Brock\.gradle\caches\modules-2\files-2.1\org.scala-lang\scala-xml_2.11\1.0.2\7a80ec00aec122fba7cd4e0d4cdd87ff7e4cb6d0\scala-xml_2.11-1.0.2.jar, examining for mod candidates
[09:52:03] [Client thread/DEBUG] [FML/]: Found a minecraft related file at C:\Users\Brock\.gradle\caches\modules-2\files-2.1\net.sf.jopt-simple\jopt-simple\4.5\6065cc95c661255349c1d0756657be17c29a4fd3\jopt-simple-4.5.jar, examining for mod candidates
[09:52:03] [Client thread/DEBUG] [FML/]: Found a minecraft related file at C:\Users\Brock\.gradle\caches\modules-2\files-2.1\lzma\lzma\0.0.1\521616dc7487b42bef0e803bd2fa3faf668101d7\lzma-0.0.1.jar, examining for mod candidates
[09:52:03] [Client thread/DEBUG] [FML/]: Found a minecraft related file at C:\Users\Brock\.gradle\caches\modules-2\files-2.1\com.mojang\realms\1.3.5\807ae355ee63583becd7ea60e76aab1532bb42e\realms-1.3.5.jar, examining for mod candidates
[09:52:03] [Client thread/DEBUG] [FML/]: Found a minecraft related file at C:\Users\Brock\.gradle\caches\modules-2\files-2.1\org.apache.commons\commons-compress\1.8.1\a698750c16740fd5b3871425f4cb3bbaa87f529d\commons-compress-1.8.1.jar, examining for mod candidates
[09:52:03] [Client thread/DEBUG] [FML/]: Found a minecraft related file at C:\Users\Brock\.gradle\caches\modules-2\files-2.1\org.apache.httpcomponents\httpclient\4.3.3\18f4247ff4572a074444572cee34647c43e7c9c7\httpclient-4.3.3.jar, examining for mod candidates
[09:52:03] [Client thread/DEBUG] [FML/]: Found a minecraft related file at C:\Users\Brock\.gradle\caches\modules-2\files-2.1\commons-logging\commons-logging\1.1.3\f6f66e966c70a83ffbdb6f17a0919eaf7c8aca7f\commons-logging-1.1.3.jar, examining for mod candidates
[09:52:03] [Client thread/DEBUG] [FML/]: Found a minecraft related file at C:\Users\Brock\.gradle\caches\modules-2\files-2.1\org.apache.httpcomponents\httpcore\4.3.2\31fbbff1ddbf98f3aa7377c94d33b0447c646b6e\httpcore-4.3.2.jar, examining for mod candidates
[09:52:03] [Client thread/DEBUG] [FML/]: Found a minecraft related file at C:\Users\Brock\.gradle\caches\modules-2\files-2.1\java3d\vecmath\1.3.1\a0ae4f51da409fa0c20fa0ca59e6bbc9413ae71d\vecmath-1.3.1.jar, examining for mod candidates
[09:52:03] [Client thread/DEBUG] [FML/]: Found a minecraft related file at C:\Users\Brock\.gradle\caches\modules-2\files-2.1\net.sf.trove4j\trove4j\3.0.3\42ccaf4761f0dfdfa805c9e340d99a755907e2dd\trove4j-3.0.3.jar, examining for mod candidates
[09:52:03] [Client thread/DEBUG] [FML/]: Found a minecraft related file at C:\Users\Brock\.gradle\caches\modules-2\files-2.1\com.ibm.icu\icu4j-core-mojang\51.2\63d216a9311cca6be337c1e458e587f99d382b84\icu4j-core-mojang-51.2.jar, examining for mod candidates
[09:52:03] [Client thread/DEBUG] [FML/]: Found a minecraft related file at C:\Users\Brock\.gradle\caches\modules-2\files-2.1\com.paulscode\codecjorbis\20101023\c73b5636faf089d9f00e8732a829577de25237ee\codecjorbis-20101023.jar, examining for mod candidates
[09:52:03] [Client thread/DEBUG] [FML/]: Found a minecraft related file at C:\Users\Brock\.gradle\caches\modules-2\files-2.1\com.paulscode\codecwav\20101023\12f031cfe88fef5c1dd36c563c0a3a69bd7261da\codecwav-20101023.jar, examining for mod candidates
[09:52:03] [Client thread/DEBUG] [FML/]: Found a minecraft related file at C:\Users\Brock\.gradle\caches\modules-2\files-2.1\com.paulscode\libraryjavasound\20101123\5c5e304366f75f9eaa2e8cca546a1fb6109348b3\libraryjavasound-20101123.jar, examining for mod candidates
[09:52:03] [Client thread/DEBUG] [FML/]: Found a minecraft related file at C:\Users\Brock\.gradle\caches\modules-2\files-2.1\com.paulscode\librarylwjglopenal\20100824\73e80d0794c39665aec3f62eee88ca91676674ef\librarylwjglopenal-20100824.jar, examining for mod candidates
[09:52:03] [Client thread/DEBUG] [FML/]: Found a minecraft related file at C:\Users\Brock\.gradle\caches\modules-2\files-2.1\com.paulscode\soundsystem\20120107\419c05fe9be71f792b2d76cfc9b67f1ed0fec7f6\soundsystem-20120107.jar, examining for mod candidates
[09:52:03] [Client thread/DEBUG] [FML/]: Found a minecraft related file at C:\Users\Brock\.gradle\caches\modules-2\files-2.1\io.netty\netty-all\4.0.10.Final\9e50bd52ffe257a0e2cd8d971688d6ce7d174325\netty-all-4.0.10.Final.jar, examining for mod candidates
[09:52:03] [Client thread/DEBUG] [FML/]: Found a minecraft related file at C:\Users\Brock\.gradle\caches\modules-2\files-2.1\com.google.guava\guava\17.0\9c6ef172e8de35fd8d4d8783e4821e57cdef7445\guava-17.0.jar, examining for mod candidates
[09:52:03] [Client thread/DEBUG] [FML/]: Found a minecraft related file at C:\Users\Brock\.gradle\caches\modules-2\files-2.1\org.apache.commons\commons-lang3\3.3.2\90a3822c38ec8c996e84c16a3477ef632cbc87a3\commons-lang3-3.3.2.jar, examining for mod candidates
[09:52:03] [Client thread/DEBUG] [FML/]: Found a minecraft related file at C:\Users\Brock\.gradle\caches\modules-2\files-2.1\commons-io\commons-io\2.4\b1b6ea3b7e4aa4f492509a4952029cd8e48019ad\commons-io-2.4.jar, examining for mod candidates
[09:52:03] [Client thread/DEBUG] [FML/]: Found a minecraft related file at C:\Users\Brock\.gradle\caches\modules-2\files-2.1\commons-codec\commons-codec\1.9\9ce04e34240f674bc72680f8b843b1457383161a\commons-codec-1.9.jar, examining for mod candidates
[09:52:03] [Client thread/DEBUG] [FML/]: Found a minecraft related file at C:\Users\Brock\.gradle\caches\modules-2\files-2.1\net.java.jinput\jinput\2.0.5\39c7796b469a600f72380316f6b1f11db6c2c7c4\jinput-2.0.5.jar, examining for mod candidates
[09:52:03] [Client thread/DEBUG] [FML/]: Found a minecraft related file at C:\Users\Brock\.gradle\caches\modules-2\files-2.1\net.java.jutils\jutils\1.0.0\e12fe1fda814bd348c1579329c86943d2cd3c6a6\jutils-1.0.0.jar, examining for mod candidates
[09:52:03] [Client thread/DEBUG] [FML/]: Found a minecraft related file at C:\Users\Brock\.gradle\caches\modules-2\files-2.1\com.google.code.gson\gson\2.2.4\a60a5e993c98c864010053cb901b7eab25306568\gson-2.2.4.jar, examining for mod candidates
[09:52:03] [Client thread/DEBUG] [FML/]: Found a minecraft related file at C:\Users\Brock\.gradle\caches\modules-2\files-2.1\com.mojang\authlib\1.5.16\ef1582b11fd0943d069cdcb72e99008ac209a283\authlib-1.5.16.jar, examining for mod candidates
[09:52:03] [Client thread/DEBUG] [FML/]: Found a minecraft related file at C:\Users\Brock\.gradle\caches\modules-2\files-2.1\org.apache.logging.log4j\log4j-api\2.0-beta9\1dd66e68cccd907880229f9e2de1314bd13ff785\log4j-api-2.0-beta9.jar, examining for mod candidates
[09:52:03] [Client thread/DEBUG] [FML/]: Found a minecraft related file at C:\Users\Brock\.gradle\caches\modules-2\files-2.1\org.apache.logging.log4j\log4j-core\2.0-beta9\678861ba1b2e1fccb594bb0ca03114bb05da9695\log4j-core-2.0-beta9.jar, examining for mod candidates
[09:52:03] [Client thread/DEBUG] [FML/]: Found a minecraft related file at C:\Users\Brock\.gradle\caches\modules-2\files-2.1\org.lwjgl.lwjgl\lwjgl\2.9.1\f58c5aabcef0e41718a564be9f8e412fff8db847\lwjgl-2.9.1.jar, examining for mod candidates
[09:52:03] [Client thread/DEBUG] [FML/]: Found a minecraft related file at C:\Users\Brock\.gradle\caches\modules-2\files-2.1\org.lwjgl.lwjgl\lwjgl_util\2.9.1\290d7ba8a1bd9566f5ddf16ad06f09af5ec9b20e\lwjgl_util-2.9.1.jar, examining for mod candidates
[09:52:03] [Client thread/DEBUG] [FML/]: Found a minecraft related file at C:\Users\Brock\.gradle\caches\modules-2\files-2.1\tv.twitch\twitch\5.16\1f55f009c61637c10c0acfb8b5ffc600f30044b4\twitch-5.16.jar, examining for mod candidates
[09:52:03] [Client thread/DEBUG] [FML/]: Found a minecraft related file at C:\Users\Brock\.gradle\caches\modules-2\files-2.1\org.scala-lang\scala-actors\2.11.0\8ccfb6541de179bb1c4d45cf414acee069b7f78b\scala-actors-2.11.0.jar, examining for mod candidates
[09:52:03] [Client thread/DEBUG] [FML/]: Found a minecraft related file at C:\Users\Brock\.gradle\caches\modules-2\files-2.1\org.scala-lang.modules\scala-xml_2.11\1.0.2\820fbca7e524b530fdadc594c39d49a21ea0337e\scala-xml_2.11-1.0.2.jar, examining for mod candidates
[09:52:03] [Client thread/DEBUG] [FML/]: Found a minecraft related file at C:\Users\Brock\.gradle\caches\modules-2\files-2.1\org.scala-lang.modules\scala-parser-combinators_2.11\1.0.1\f05d7345bf5a58924f2837c6c1f4d73a938e1ff0\scala-parser-combinators_2.11-1.0.1.jar, examining for mod candidates
[09:52:03] [Client thread/DEBUG] [FML/]: Found a minecraft related file at C:\Users\Brock\.gradle\caches\modules-2\files-2.1\net.java.jinput\jinput-platform\2.0.5\7ff832a6eb9ab6a767f1ade2b548092d0fa64795\jinput-platform-2.0.5-natives-linux.jar, examining for mod candidates
[09:52:03] [Client thread/DEBUG] [FML/]: Found a minecraft related file at C:\Users\Brock\.gradle\caches\modules-2\files-2.1\net.java.jinput\jinput-platform\2.0.5\385ee093e01f587f30ee1c8a2ee7d408fd732e16\jinput-platform-2.0.5-natives-windows.jar, examining for mod candidates
[09:52:03] [Client thread/DEBUG] [FML/]: Found a minecraft related file at C:\Users\Brock\.gradle\caches\modules-2\files-2.1\net.java.jinput\jinput-platform\2.0.5\53f9c919f34d2ca9de8c51fc4e1e8282029a9232\jinput-platform-2.0.5-natives-osx.jar, examining for mod candidates
[09:52:03] [Client thread/DEBUG] [FML/]: Found a minecraft related file at C:\Users\Brock\.gradle\caches\modules-2\files-2.1\tv.twitch\twitch-platform\5.16\7c6affe439099806a4f552da14c42f9d643d8b23\twitch-platform-5.16-natives-windows-32.jar, examining for mod candidates
[09:52:03] [Client thread/DEBUG] [FML/]: Found a minecraft related file at C:\Users\Brock\.gradle\caches\modules-2\files-2.1\tv.twitch\twitch-platform\5.16\39d0c3d363735b4785598e0e7fbf8297c706a9f9\twitch-platform-5.16-natives-windows-64.jar, examining for mod candidates
[09:52:03] [Client thread/DEBUG] [FML/]: Found a minecraft related file at C:\Users\Brock\.gradle\caches\modules-2\files-2.1\tv.twitch\twitch-platform\5.16\62503ee712766cf77f97252e5902786fd834b8c5\twitch-platform-5.16-natives-osx.jar, examining for mod candidates
[09:52:03] [Client thread/DEBUG] [FML/]: Found a minecraft related file at C:\Users\Brock\.gradle\caches\modules-2\files-2.1\tv.twitch\twitch-external-platform\4.5\18215140f010c05b9f86ef6f0f8871954d2ccebf\twitch-external-platform-4.5-natives-windows-32.jar, examining for mod candidates
[09:52:03] [Client thread/DEBUG] [FML/]: Found a minecraft related file at C:\Users\Brock\.gradle\caches\modules-2\files-2.1\tv.twitch\twitch-external-platform\4.5\c3cde57891b935d41b6680a9c5e1502eeab76d86\twitch-external-platform-4.5-natives-windows-64.jar, examining for mod candidates
[09:52:03] [Client thread/DEBUG] [FML/]: Found a minecraft related file at C:\Users\Brock\.gradle\caches\modules-2\files-2.1\org.lwjgl.lwjgl\lwjgl-platform\2.9.1\4c517eca808522457dd95ee8fc1fbcdbb602efbe\lwjgl-platform-2.9.1-natives-windows.jar, examining for mod candidates
[09:52:03] [Client thread/DEBUG] [FML/]: Found a minecraft related file at C:\Users\Brock\.gradle\caches\modules-2\files-2.1\org.lwjgl.lwjgl\lwjgl-platform\2.9.1\aa9aae879af8eb378e22cfc64db56ec2ca9a44d1\lwjgl-platform-2.9.1-natives-linux.jar, examining for mod candidates
[09:52:03] [Client thread/DEBUG] [FML/]: Found a minecraft related file at C:\Users\Brock\.gradle\caches\modules-2\files-2.1\org.lwjgl.lwjgl\lwjgl-platform\2.9.1\2d12c83fdfbc04ecabf02c7bc8cc54d034f0daac\lwjgl-platform-2.9.1-natives-osx.jar, examining for mod candidates
[09:52:03] [Client thread/DEBUG] [FML/]: Found a minecraft related directory at C:\Users\Brock\.gradle\caches\minecraft\net\minecraftforge\forge\1.7.10-10.13.4.1614-1.7.10\start, examining for mod candidates
[09:52:03] [Client thread/DEBUG] [FML/]: Found a minecraft related file at C:\Users\Brock\Desktop\ElectroInductors\eclipse\mods\1.7.10\CodeChickenLib-1.7.10-1.1.3.138-dev.jar, examining for mod candidates
[09:52:03] [Client thread/TRACE] [FML/]: Skipping known library file C:\Users\Brock\Desktop\ElectroInductors\eclipse\mods\1.7.10\ForgeMultipart-1.7.10-1.2.0.347-dev.jar
[09:52:03] [Client thread/TRACE] [FML/]: Skipping known library file C:\Users\Brock\Desktop\ElectroInductors\eclipse\mods\CodeChickenCore-1.7.10-1.0.7.47-dev.jar
[09:52:03] [Client thread/TRACE] [FML/]: Skipping known library file C:\Users\Brock\Desktop\ElectroInductors\eclipse\mods\CodeChickenCore-1.7.10-1.0.7.47-dev.jar
[09:52:03] [Client thread/TRACE] [FML/]: Skipping known library file C:\Users\Brock\Desktop\ElectroInductors\eclipse\mods\1.7.10\ForgeMultipart-1.7.10-1.2.0.347-dev.jar
[09:52:03] [Client thread/TRACE] [FML/]: Skipping known library file C:\Users\Brock\Desktop\ElectroInductors\eclipse\mods\NotEnoughItems-1.7.10-1.0.5.120-dev.jar
[09:52:03] [Client thread/DEBUG] [FML/]: Minecraft jar mods loaded successfully
[09:52:03] [Client thread/INFO] [FML/]: Found 0 mods from the command line. Injecting into mod discoverer
[09:52:03] [Client thread/INFO] [FML/]: Searching C:\Users\Brock\Desktop\ElectroInductors\eclipse\mods for mods
[09:52:03] [Client thread/DEBUG] [FML/]: Found a candidate mod directory 1.7.10
[09:52:03] [Client thread/TRACE] [FML/]: Skipping already parsed coremod or tweaker CodeChickenCore-1.7.10-1.0.7.47-dev.jar
[09:52:03] [Client thread/TRACE] [FML/]: Skipping already parsed coremod or tweaker NotEnoughItems-1.7.10-1.0.5.120-dev.jar
[09:52:03] [Client thread/INFO] [FML/]: Also searching C:\Users\Brock\Desktop\ElectroInductors\eclipse\mods\1.7.10 for mods
[09:52:03] [Client thread/DEBUG] [FML/]: Found a candidate zip or jar file CodeChickenLib-1.7.10-1.1.3.138-dev.jar
[09:52:03] [Client thread/DEBUG] [FML/]: Found a candidate zip or jar file ForgeMultipart-1.7.10-1.2.0.347-dev.jar
[09:52:03] [Client thread/DEBUG] [FML/]: Examining file resources.jar for potential mods
[09:52:03] [Client thread/DEBUG] [FML/]: The mod container resources.jar appears to be missing an mcmod.info file
[09:52:03] [Client thread/DEBUG] [FML/]: Examining file jsse.jar for potential mods
[09:52:03] [Client thread/DEBUG] [FML/]: The mod container jsse.jar appears to be missing an mcmod.info file
[09:52:03] [Client thread/DEBUG] [FML/]: Examining file jce.jar for potential mods
[09:52:03] [Client thread/DEBUG] [FML/]: The mod container jce.jar appears to be missing an mcmod.info file
[09:52:03] [Client thread/DEBUG] [FML/]: Examining file charsets.jar for potential mods
[09:52:03] [Client thread/DEBUG] [FML/]: The mod container charsets.jar appears to be missing an mcmod.info file
[09:52:03] [Client thread/DEBUG] [FML/]: Examining file jfr.jar for potential mods
[09:52:03] [Client thread/DEBUG] [FML/]: The mod container jfr.jar appears to be missing an mcmod.info file
[09:52:03] [Client thread/DEBUG] [FML/]: Examining file access-bridge-64.jar for potential mods
[09:52:03] [Client thread/DEBUG] [FML/]: The mod container access-bridge-64.jar appears to be missing an mcmod.info file
[09:52:03] [Client thread/DEBUG] [FML/]: Examining file cldrdata.jar for potential mods
[09:52:03] [Client thread/DEBUG] [FML/]: The mod container cldrdata.jar appears to be missing an mcmod.info file
[09:52:04] [Client thread/DEBUG] [FML/]: Examining file dnsns.jar for potential mods
[09:52:04] [Client thread/DEBUG] [FML/]: The mod container dnsns.jar appears to be missing an mcmod.info file
[09:52:04] [Client thread/DEBUG] [FML/]: Examining file jaccess.jar for potential mods
[09:52:04] [Client thread/DEBUG] [FML/]: The mod container jaccess.jar appears to be missing an mcmod.info file
[09:52:04] [Client thread/DEBUG] [FML/]: Examining file jfxrt.jar for potential mods
[09:52:04] [Client thread/DEBUG] [FML/]: The mod container jfxrt.jar appears to be missing an mcmod.info file
[09:52:04] [Client thread/DEBUG] [FML/]: Examining file localedata.jar for potential mods
[09:52:04] [Client thread/DEBUG] [FML/]: The mod container localedata.jar appears to be missing an mcmod.info file
[09:52:04] [Client thread/DEBUG] [FML/]: Examining file nashorn.jar for potential mods
[09:52:04] [Client thread/DEBUG] [FML/]: The mod container nashorn.jar appears to be missing an mcmod.info file
[09:52:05] [Client thread/DEBUG] [FML/]: Examining file sunec.jar for potential mods
[09:52:05] [Client thread/DEBUG] [FML/]: The mod container sunec.jar appears to be missing an mcmod.info file
[09:52:05] [Client thread/DEBUG] [FML/]: Examining file sunjce_provider.jar for potential mods
[09:52:05] [Client thread/DEBUG] [FML/]: The mod container sunjce_provider.jar appears to be missing an mcmod.info file
[09:52:05] [Client thread/DEBUG] [FML/]: Examining file sunmscapi.jar for potential mods
[09:52:05] [Client thread/DEBUG] [FML/]: The mod container sunmscapi.jar appears to be missing an mcmod.info file
[09:52:05] [Client thread/DEBUG] [FML/]: Examining file sunpkcs11.jar for potential mods
[09:52:05] [Client thread/DEBUG] [FML/]: The mod container sunpkcs11.jar appears to be missing an mcmod.info file
[09:52:05] [Client thread/DEBUG] [FML/]: Examining file zipfs.jar for potential mods
[09:52:05] [Client thread/DEBUG] [FML/]: The mod container zipfs.jar appears to be missing an mcmod.info file
[09:52:05] [Client thread/DEBUG] [FML/]: Examining directory bin for potential mods
[09:52:05] [Client thread/DEBUG] [FML/]: Found an mcmod.info file in directory bin
[09:52:05] [Client thread/TRACE] [FML/]: Recursing into package assets
[09:52:05] [Client thread/TRACE] [FML/]: Recursing into package assets.ei
[09:52:05] [Client thread/TRACE] [FML/]: Recursing into package assets.ei.lang
[09:52:05] [Client thread/TRACE] [FML/]: Recursing into package assets.ei.sounds
[09:52:05] [Client thread/TRACE] [FML/]: Recursing into package assets.ei.textures
[09:52:05] [Client thread/TRACE] [FML/]: Recursing into package assets.ei.textures.armor
[09:52:05] [Client thread/TRACE] [FML/]: Recursing into package assets.ei.textures.blocks
[09:52:05] [Client thread/TRACE] [FML/]: Recursing into package assets.ei.textures.gui
[09:52:05] [Client thread/TRACE] [FML/]: Recursing into package assets.ei.textures.items
[09:52:05] [Client thread/TRACE] [FML/]: Recursing into package com
[09:52:05] [Client thread/TRACE] [FML/]: Recursing into package com.flippity
[09:52:05] [Client thread/TRACE] [FML/]: Recursing into package com.flippity.ei
[09:52:05] [Client thread/TRACE] [FML/]: Recursing into package com.flippity.ei.client
[09:52:05] [Client thread/TRACE] [FML/]: Recursing into package com.flippity.ei.client.models
[09:52:05] [Client thread/TRACE] [FML/]: Recursing into package com.flippity.ei.client.models.cables
[09:52:05] [Client thread/TRACE] [FML/]: Recursing into package com.flippity.ei.client.renderers
[09:52:05] [Client thread/TRACE] [FML/]: Recursing into package com.flippity.ei.client.renderers.cables
[09:52:05] [Client thread/TRACE] [FML/]: Recursing into package com.flippity.ei.common
[09:52:05] [Client thread/TRACE] [FML/]: Recursing into package com.flippity.ei.common.blocks
[09:52:05] [Client thread/TRACE] [FML/]: Recursing into package com.flippity.ei.common.blocks.cables
[09:52:05] [Client thread/TRACE] [FML/]: Recursing into package com.flippity.ei.common.items
[09:52:05] [Client thread/TRACE] [FML/]: Recursing into package com.flippity.ei.common.items.metal
[09:52:05] [Client thread/TRACE] [FML/]: Recursing into package com.flippity.ei.common.tiles
[09:52:05] [Client thread/TRACE] [FML/]: Recursing into package com.flippity.ei.common.tiles.cables
[09:52:05] [Client thread/DEBUG] [FML/]: Identified a mod of type Lcpw/mods/fml/common/Mod; (com.flippity.ei.ElectroInductors) - loading
[09:52:05] [Client thread/TRACE] [ei/]: Parsed dependency info : [] [] []
[09:52:05] [Client thread/TRACE] [FML/]: Recursing into package com.flippity.ei.reference
[09:52:05] [Client thread/TRACE] [FML/]: Recursing into package com.flippity.ei.server
[09:52:05] [Client thread/DEBUG] [FML/]: Examining file forgeSrc-1.7.10-10.13.4.1614-1.7.10.jar for potential mods
[09:52:05] [Client thread/DEBUG] [FML/]: The mod container forgeSrc-1.7.10-10.13.4.1614-1.7.10.jar appears to be missing an mcmod.info file
[09:52:05] [Client thread/DEBUG] [FML/]: Examining file launchwrapper-1.12.jar for potential mods
[09:52:05] [Client thread/DEBUG] [FML/]: The mod container launchwrapper-1.12.jar appears to be missing an mcmod.info file
[09:52:05] [Client thread/DEBUG] [FML/]: Examining file jsr305-1.3.9.jar for potential mods
[09:52:05] [Client thread/DEBUG] [FML/]: The mod container jsr305-1.3.9.jar appears to be missing an mcmod.info file
[09:52:05] [Client thread/DEBUG] [FML/]: Examining file asm-debug-all-5.0.3.jar for potential mods
[09:52:05] [Client thread/DEBUG] [FML/]: The mod container asm-debug-all-5.0.3.jar appears to be missing an mcmod.info file
[09:52:05] [Client thread/DEBUG] [FML/]: Examining file akka-actor_2.11-2.3.3.jar for potential mods
[09:52:05] [Client thread/DEBUG] [FML/]: The mod container akka-actor_2.11-2.3.3.jar appears to be missing an mcmod.info file
[09:52:05] [Client thread/DEBUG] [FML/]: Examining file config-1.2.1.jar for potential mods
[09:52:05] [Client thread/DEBUG] [FML/]: The mod container config-1.2.1.jar appears to be missing an mcmod.info file
[09:52:05] [Client thread/DEBUG] [FML/]: Examining file scala-actors-migration_2.11-1.1.0.jar for potential mods
[09:52:05] [Client thread/DEBUG] [FML/]: The mod container scala-actors-migration_2.11-1.1.0.jar appears to be missing an mcmod.info file
[09:52:05] [Client thread/DEBUG] [FML/]: Examining file scala-compiler-2.11.1.jar for potential mods
[09:52:05] [Client thread/DEBUG] [FML/]: The mod container scala-compiler-2.11.1.jar appears to be missing an mcmod.info file
[09:52:07] [Client thread/DEBUG] [FML/]: Examining file scala-continuations-library_2.11-1.0.2.jar for potential mods
[09:52:07] [Client thread/DEBUG] [FML/]: The mod container scala-continuations-library_2.11-1.0.2.jar appears to be missing an mcmod.info file
[09:52:07] [Client thread/DEBUG] [FML/]: Examining file scala-continuations-plugin_2.11.1-1.0.2.jar for potential mods
[09:52:07] [Client thread/DEBUG] [FML/]: The mod container scala-continuations-plugin_2.11.1-1.0.2.jar appears to be missing an mcmod.info file
[09:52:07] [Client thread/DEBUG] [FML/]: Examining file scala-library-2.11.1.jar for potential mods
[09:52:07] [Client thread/DEBUG] [FML/]: The mod container scala-library-2.11.1.jar appears to be missing an mcmod.info file
[09:52:08] [Client thread/DEBUG] [FML/]: Examining file scala-parser-combinators_2.11-1.0.1.jar for potential mods
[09:52:08] [Client thread/DEBUG] [FML/]: The mod container scala-parser-combinators_2.11-1.0.1.jar appears to be missing an mcmod.info file
[09:52:08] [Client thread/DEBUG] [FML/]: Examining file scala-reflect-2.11.1.jar for potential mods
[09:52:08] [Client thread/DEBUG] [FML/]: The mod container scala-reflect-2.11.1.jar appears to be missing an mcmod.info file
[09:52:08] [Client thread/DEBUG] [FML/]: Examining file scala-swing_2.11-1.0.1.jar for potential mods
[09:52:08] [Client thread/DEBUG] [FML/]: The mod container scala-swing_2.11-1.0.1.jar appears to be missing an mcmod.info file
[09:52:08] [Client thread/DEBUG] [FML/]: Examining file scala-xml_2.11-1.0.2.jar for potential mods
[09:52:08] [Client thread/DEBUG] [FML/]: The mod container scala-xml_2.11-1.0.2.jar appears to be missing an mcmod.info file
[09:52:08] [Client thread/DEBUG] [FML/]: Examining file jopt-simple-4.5.jar for potential mods
[09:52:08] [Client thread/DEBUG] [FML/]: The mod container jopt-simple-4.5.jar appears to be missing an mcmod.info file
[09:52:08] [Client thread/DEBUG] [FML/]: Examining file lzma-0.0.1.jar for potential mods
[09:52:08] [Client thread/DEBUG] [FML/]: The mod container lzma-0.0.1.jar appears to be missing an mcmod.info file
[09:52:08] [Client thread/DEBUG] [FML/]: Examining file realms-1.3.5.jar for potential mods
[09:52:08] [Client thread/DEBUG] [FML/]: The mod container realms-1.3.5.jar appears to be missing an mcmod.info file
[09:52:08] [Client thread/DEBUG] [FML/]: Examining file commons-compress-1.8.1.jar for potential mods
[09:52:08] [Client thread/DEBUG] [FML/]: The mod container commons-compress-1.8.1.jar appears to be missing an mcmod.info file
[09:52:08] [Client thread/DEBUG] [FML/]: Examining file httpclient-4.3.3.jar for potential mods
[09:52:08] [Client thread/DEBUG] [FML/]: The mod container httpclient-4.3.3.jar appears to be missing an mcmod.info file
[09:52:08] [Client thread/DEBUG] [FML/]: Examining file commons-logging-1.1.3.jar for potential mods
[09:52:08] [Client thread/DEBUG] [FML/]: The mod container commons-logging-1.1.3.jar appears to be missing an mcmod.info file
[09:52:08] [Client thread/DEBUG] [FML/]: Examining file httpcore-4.3.2.jar for potential mods
[09:52:08] [Client thread/DEBUG] [FML/]: The mod container httpcore-4.3.2.jar appears to be missing an mcmod.info file
[09:52:08] [Client thread/DEBUG] [FML/]: Examining file vecmath-1.3.1.jar for potential mods
[09:52:08] [Client thread/DEBUG] [FML/]: The mod container vecmath-1.3.1.jar appears to be missing an mcmod.info file
[09:52:08] [Client thread/DEBUG] [FML/]: Examining file trove4j-3.0.3.jar for potential mods
[09:52:08] [Client thread/DEBUG] [FML/]: The mod container trove4j-3.0.3.jar appears to be missing an mcmod.info file
[09:52:09] [Client thread/DEBUG] [FML/]: Examining file icu4j-core-mojang-51.2.jar for potential mods
[09:52:09] [Client thread/DEBUG] [FML/]: The mod container icu4j-core-mojang-51.2.jar appears to be missing an mcmod.info file
[09:52:09] [Client thread/DEBUG] [FML/]: Examining file codecjorbis-20101023.jar for potential mods
[09:52:09] [Client thread/DEBUG] [FML/]: The mod container codecjorbis-20101023.jar appears to be missing an mcmod.info file
[09:52:09] [Client thread/DEBUG] [FML/]: Examining file codecwav-20101023.jar for potential mods
[09:52:09] [Client thread/DEBUG] [FML/]: The mod container codecwav-20101023.jar appears to be missing an mcmod.info file
[09:52:09] [Client thread/DEBUG] [FML/]: Examining file libraryjavasound-20101123.jar for potential mods
[09:52:09] [Client thread/DEBUG] [FML/]: The mod container libraryjavasound-20101123.jar appears to be missing an mcmod.info file
[09:52:09] [Client thread/DEBUG] [FML/]: Examining file librarylwjglopenal-20100824.jar for potential mods
[09:52:09] [Client thread/DEBUG] [FML/]: The mod container librarylwjglopenal-20100824.jar appears to be missing an mcmod.info file
[09:52:09] [Client thread/DEBUG] [FML/]: Examining file soundsystem-20120107.jar for potential mods
[09:52:09] [Client thread/DEBUG] [FML/]: The mod container soundsystem-20120107.jar appears to be missing an mcmod.info file
[09:52:09] [Client thread/DEBUG] [FML/]: Examining file netty-all-4.0.10.Final.jar for potential mods
[09:52:09] [Client thread/DEBUG] [FML/]: The mod container netty-all-4.0.10.Final.jar appears to be missing an mcmod.info file
[09:52:09] [Client thread/DEBUG] [FML/]: Examining file guava-17.0.jar for potential mods
[09:52:09] [Client thread/DEBUG] [FML/]: The mod container guava-17.0.jar appears to be missing an mcmod.info file
[09:52:09] [Client thread/DEBUG] [FML/]: Examining file commons-lang3-3.3.2.jar for potential mods
[09:52:09] [Client thread/DEBUG] [FML/]: The mod container commons-lang3-3.3.2.jar appears to be missing an mcmod.info file
[09:52:09] [Client thread/DEBUG] [FML/]: Examining file commons-io-2.4.jar for potential mods
[09:52:09] [Client thread/DEBUG] [FML/]: The mod container commons-io-2.4.jar appears to be missing an mcmod.info file
[09:52:09] [Client thread/DEBUG] [FML/]: Examining file commons-codec-1.9.jar for potential mods
[09:52:09] [Client thread/DEBUG] [FML/]: The mod container commons-codec-1.9.jar appears to be missing an mcmod.info file
[09:52:09] [Client thread/DEBUG] [FML/]: Examining file jinput-2.0.5.jar for potential mods
[09:52:09] [Client thread/DEBUG] [FML/]: The mod container jinput-2.0.5.jar appears to be missing an mcmod.info file
[09:52:09] [Client thread/DEBUG] [FML/]: Examining file jutils-1.0.0.jar for potential mods
[09:52:09] [Client thread/DEBUG] [FML/]: The mod container jutils-1.0.0.jar appears to be missing an mcmod.info file
[09:52:09] [Client thread/DEBUG] [FML/]: Examining file gson-2.2.4.jar for potential mods
[09:52:09] [Client thread/DEBUG] [FML/]: The mod container gson-2.2.4.jar appears to be missing an mcmod.info file
[09:52:09] [Client thread/DEBUG] [FML/]: Examining file authlib-1.5.16.jar for potential mods
[09:52:09] [Client thread/DEBUG] [FML/]: The mod container authlib-1.5.16.jar appears to be missing an mcmod.info file
[09:52:09] [Client thread/DEBUG] [FML/]: Examining file log4j-api-2.0-beta9.jar for potential mods
[09:52:09] [Client thread/DEBUG] [FML/]: The mod container log4j-api-2.0-beta9.jar appears to be missing an mcmod.info file
[09:52:09] [Client thread/DEBUG] [FML/]: Examining file log4j-core-2.0-beta9.jar for potential mods
[09:52:09] [Client thread/DEBUG] [FML/]: The mod container log4j-core-2.0-beta9.jar appears to be missing an mcmod.info file
[09:52:09] [Client thread/DEBUG] [FML/]: Examining file lwjgl-2.9.1.jar for potential mods
[09:52:09] [Client thread/DEBUG] [FML/]: The mod container lwjgl-2.9.1.jar appears to be missing an mcmod.info file
[09:52:09] [Client thread/DEBUG] [FML/]: Examining file lwjgl_util-2.9.1.jar for potential mods
[09:52:09] [Client thread/DEBUG] [FML/]: The mod container lwjgl_util-2.9.1.jar appears to be missing an mcmod.info file
[09:52:10] [Client thread/DEBUG] [FML/]: Examining file twitch-5.16.jar for potential mods
[09:52:10] [Client thread/DEBUG] [FML/]: The mod container twitch-5.16.jar appears to be missing an mcmod.info file
[09:52:10] [Client thread/DEBUG] [FML/]: Examining file scala-actors-2.11.0.jar for potential mods
[09:52:10] [Client thread/DEBUG] [FML/]: The mod container scala-actors-2.11.0.jar appears to be missing an mcmod.info file
[09:52:10] [Client thread/DEBUG] [FML/]: Examining file scala-xml_2.11-1.0.2.jar for potential mods
[09:52:10] [Client thread/DEBUG] [FML/]: The mod container scala-xml_2.11-1.0.2.jar appears to be missing an mcmod.info file
[09:52:10] [Client thread/DEBUG] [FML/]: Examining file scala-parser-combinators_2.11-1.0.1.jar for potential mods
[09:52:10] [Client thread/DEBUG] [FML/]: The mod container scala-parser-combinators_2.11-1.0.1.jar appears to be missing an mcmod.info file
[09:52:10] [Client thread/DEBUG] [FML/]: Examining file jinput-platform-2.0.5-natives-linux.jar for potential mods
[09:52:10] [Client thread/DEBUG] [FML/]: The mod container jinput-platform-2.0.5-natives-linux.jar appears to be missing an mcmod.info file
[09:52:10] [Client thread/DEBUG] [FML/]: Examining file jinput-platform-2.0.5-natives-windows.jar for potential mods
[09:52:10] [Client thread/DEBUG] [FML/]: The mod container jinput-platform-2.0.5-natives-windows.jar appears to be missing an mcmod.info file
[09:52:10] [Client thread/DEBUG] [FML/]: Examining file jinput-platform-2.0.5-natives-osx.jar for potential mods
[09:52:10] [Client thread/DEBUG] [FML/]: The mod container jinput-platform-2.0.5-natives-osx.jar appears to be missing an mcmod.info file
[09:52:10] [Client thread/DEBUG] [FML/]: Examining file twitch-platform-5.16-natives-windows-32.jar for potential mods
[09:52:10] [Client thread/DEBUG] [FML/]: The mod container twitch-platform-5.16-natives-windows-32.jar appears to be missing an mcmod.info file
[09:52:10] [Client thread/DEBUG] [FML/]: Examining file twitch-platform-5.16-natives-windows-64.jar for potential mods
[09:52:10] [Client thread/DEBUG] [FML/]: The mod container twitch-platform-5.16-natives-windows-64.jar appears to be missing an mcmod.info file
[09:52:10] [Client thread/DEBUG] [FML/]: Examining file twitch-platform-5.16-natives-osx.jar for potential mods
[09:52:10] [Client thread/DEBUG] [FML/]: The mod container twitch-platform-5.16-natives-osx.jar appears to be missing an mcmod.info file
[09:52:10] [Client thread/DEBUG] [FML/]: Examining file twitch-external-platform-4.5-natives-windows-32.jar for potential mods
[09:52:10] [Client thread/DEBUG] [FML/]: The mod container twitch-external-platform-4.5-natives-windows-32.jar appears to be missing an mcmod.info file
[09:52:10] [Client thread/DEBUG] [FML/]: Examining file twitch-external-platform-4.5-natives-windows-64.jar for potential mods
[09:52:10] [Client thread/DEBUG] [FML/]: The mod container twitch-external-platform-4.5-natives-windows-64.jar appears to be missing an mcmod.info file
[09:52:10] [Client thread/DEBUG] [FML/]: Examining file lwjgl-platform-2.9.1-natives-windows.jar for potential mods
[09:52:10] [Client thread/DEBUG] [FML/]: The mod container lwjgl-platform-2.9.1-natives-windows.jar appears to be missing an mcmod.info file
[09:52:10] [Client thread/DEBUG] [FML/]: Examining file lwjgl-platform-2.9.1-natives-linux.jar for potential mods
[09:52:10] [Client thread/DEBUG] [FML/]: The mod container lwjgl-platform-2.9.1-natives-linux.jar appears to be missing an mcmod.info file
[09:52:10] [Client thread/DEBUG] [FML/]: Examining file lwjgl-platform-2.9.1-natives-osx.jar for potential mods
[09:52:10] [Client thread/DEBUG] [FML/]: The mod container lwjgl-platform-2.9.1-natives-osx.jar appears to be missing an mcmod.info file
[09:52:10] [Client thread/DEBUG] [FML/]: Examining directory start for potential mods
[09:52:10] [Client thread/DEBUG] [FML/]: No mcmod.info file found in directory start
[09:52:10] [Client thread/TRACE] [FML/]: Recursing into package net
[09:52:10] [Client thread/TRACE] [FML/]: Recursing into package net.minecraftforge
[09:52:10] [Client thread/TRACE] [FML/]: Recursing into package net.minecraftforge.gradle
[09:52:10] [Client thread/TRACE] [FML/]: Recursing into package net.minecraftforge.gradle.tweakers
[09:52:10] [Client thread/DEBUG] [FML/]: Examining file CodeChickenLib-1.7.10-1.1.3.138-dev.jar for potential mods
[09:52:10] [Client thread/DEBUG] [FML/]: The mod container CodeChickenLib-1.7.10-1.1.3.138-dev.jar appears to be missing an mcmod.info file
[09:52:10] [Client thread/DEBUG] [FML/]: Examining directory 1.7.10 for potential mods
[09:52:10] [Client thread/DEBUG] [FML/]: No mcmod.info file found in directory 1.7.10
[09:52:10] [Client thread/DEBUG] [FML/]: Examining file CodeChickenLib-1.7.10-1.1.3.138-dev.jar for potential mods
[09:52:10] [Client thread/DEBUG] [FML/]: The mod container CodeChickenLib-1.7.10-1.1.3.138-dev.jar appears to be missing an mcmod.info file
[09:52:10] [Client thread/DEBUG] [FML/]: Examining file ForgeMultipart-1.7.10-1.2.0.347-dev.jar for potential mods
[09:52:10] [Client thread/TRACE] [FML/]: Located mcmod.info file in file ForgeMultipart-1.7.10-1.2.0.347-dev.jar
[09:52:10] [Client thread/DEBUG] [FML/]: Identified a mod of type Lcpw/mods/fml/common/Mod; (codechicken.microblock.handler.MicroblockMod) - loading
[09:52:10] [Client thread/TRACE] [ForgeMicroblock/]: Parsed dependency info : [ForgeMultipart] [ForgeMultipart] []
[09:52:10] [Client thread/DEBUG] [ForgeMicroblock/]: Attempting to load the file version.properties from ForgeMultipart-1.7.10-1.2.0.347-dev.jar to locate a version number for ForgeMicroblock
[09:52:10] [Client thread/WARN] [ForgeMicroblock/]: Mod ForgeMicroblock is missing the required element 'version' and a version.properties file could not be found. Falling back to metadata version 1.2.0.347
[09:52:10] [Client thread/DEBUG] [FML/]: Identified a mod of type Lcpw/mods/fml/common/Mod; (codechicken.multipart.handler.MultipartMod) - loading
[09:52:10] [Client thread/TRACE] [ForgeMultipart/]: Parsed dependency info : [] [] []
[09:52:10] [Client thread/DEBUG] [ForgeMultipart/]: Attempting to load the file version.properties from ForgeMultipart-1.7.10-1.2.0.347-dev.jar to locate a version number for ForgeMultipart
[09:52:10] [Client thread/WARN] [ForgeMultipart/]: Mod ForgeMultipart is missing the required element 'version' and a version.properties file could not be found. Falling back to metadata version 1.2.0.347
[09:52:10] [Client thread/DEBUG] [FML/]: Identified a mod of type Lcpw/mods/fml/common/Mod; (codechicken.multipart.minecraft.MinecraftMultipartMod) - loading
[09:52:10] [Client thread/TRACE] [McMultipart/]: Parsed dependency info : [] [] []
[09:52:10] [Client thread/DEBUG] [McMultipart/]: Attempting to load the file version.properties from ForgeMultipart-1.7.10-1.2.0.347-dev.jar to locate a version number for McMultipart
[09:52:10] [Client thread/WARN] [McMultipart/]: Mod McMultipart is missing the required element 'version' and a version.properties file could not be found. Falling back to metadata version 1.2.0.347
[09:52:10] [Client thread/ERROR] [FML/]: Found a duplicate mod CodeChickenCore at [minecraft.jar, minecraft.jar]
[09:52:10] [Client thread/DEBUG] [FML/]: Bar Step: Loading Resources - Default took 0.009s
[09:52:10] [Client thread/DEBUG] [FML/]: Bar Finished: Reloading - LanguageManager took 0.015s
[09:52:10] [Client thread/DEBUG] [FML/]: Bar Step: Loading Resources - Reloading listeners took 0.016s
[09:52:10] [Client thread/DEBUG] [FML/]: Bar Finished: Loading Resources took 0.025s
[09:52:10] [Client thread/WARN] [FML/]: There were errors previously. Not beginning mod initialization phase
[09:52:10] [Client thread/DEBUG] [FML/]: Bar Finished: Loading Resource - TextureManager took 0.000s
[09:52:10] [Sound Library Loader/INFO] [STDOUT/]: [paulscode.sound.SoundSystemLogger:message:69]: 
[09:52:10] [Sound Library Loader/INFO] [STDOUT/]: [paulscode.sound.SoundSystemLogger:message:69]: Starting up SoundSystem...
[09:52:10] [Thread-8/INFO] [STDOUT/]: [paulscode.sound.SoundSystemLogger:message:69]: Initializing LWJGL OpenAL
[09:52:10] [Thread-8/INFO] [STDOUT/]: [paulscode.sound.SoundSystemLogger:message:69]:     (The LWJGL binding of OpenAL.  For more information, see http://www.lwjgl.org)
[09:52:10] [Thread-8/INFO] [STDOUT/]: [paulscode.sound.SoundSystemLogger:message:69]: OpenAL initialized.
[09:52:11] [Sound Library Loader/INFO] [STDOUT/]: [paulscode.sound.SoundSystemLogger:message:69]: 
[09:52:11] [Client thread/DEBUG] [FML/]: Bar Finished: Loading Resource - SoundHandler took 1.134s
[09:52:11] [Client thread/DEBUG] [FML/]: Bar Finished: Loading Resource - FontRenderer took 0.005s
[09:52:11] [Client thread/DEBUG] [FML/]: Bar Finished: Loading Resource - FontRenderer took 0.004s
[09:52:11] [Client thread/DEBUG] [FML/]: Bar Finished: Loading Resource - GrassColorReloadListener took 0.011s
[09:52:11] [Client thread/DEBUG] [FML/]: Bar Finished: Loading Resource - FoliageColorReloadListener took 0.012s
[09:52:12] [Client thread/DEBUG] [FML/]: Bar Step: Rendering Setup - Loading Render Manager took 0.318s
[09:52:12] [Client thread/DEBUG] [FML/]: Bar Finished: Loading Resource - EntityRenderer took 0.000s
[09:52:12] [Client thread/DEBUG] [FML/]: Bar Step: Rendering Setup - Loading Entity Renderer took 0.052s
[09:52:12] [Client thread/DEBUG] [FML/]: Bar Step: Rendering Setup - Loading GL properties took 0.002s
[09:52:12] [Client thread/DEBUG] [FML/]: Bar Step: Rendering Setup - Render Global instance took 0.111s
[09:52:12] [Client thread/DEBUG] [FML/]: Bar Step: Rendering Setup - Building Blocks Texture took 0.022s
[09:52:12] [Client thread/DEBUG] [FML/]: Bar Step: Rendering Setup - Anisotropy and Mipmaps took 0.001s
[09:52:12] [Client thread/DEBUG] [FML/]: Bar Finished: Texture stitching - missingno took 0.003s
[09:52:12] [Client thread/DEBUG] [FML/]: Bar Finished: Texture creation took 0.005s
[09:52:12] [Client thread/DEBUG] [FML/]: Bar Step: Rendering Setup - Loading Blocks Texture took 0.014s
[09:52:12] [Client thread/DEBUG] [FML/]: Bar Finished: Texture stitching - missingno took 0.000s
[09:52:12] [Client thread/DEBUG] [FML/]: Bar Finished: Texture creation took 0.002s
[09:52:12] [Client thread/DEBUG] [FML/]: Bar Step: Rendering Setup - Loading Items Texture took 0.008s
[09:52:12] [Client thread/DEBUG] [FML/]: Bar Step: Rendering Setup - Viewport took 0.006s
[09:52:12] [Client thread/DEBUG] [FML/]: Bar Finished: Rendering Setup took 0.534s
[09:52:14] [Client thread/INFO] [STDOUT/]: [paulscode.sound.SoundSystemLogger:message:69]: 
[09:52:14] [Client thread/INFO] [STDOUT/]: [paulscode.sound.SoundSystemLogger:message:69]: SoundSystem shutting down...
[09:52:14] [Client thread/INFO] [STDOUT/]: [paulscode.sound.SoundSystemLogger:importantMessage:90]:     Author: Paul Lamb, www.paulscode.com
[09:52:14] [Client thread/INFO] [STDOUT/]: [paulscode.sound.SoundSystemLogger:message:69]: 
