[15:36:51] [main/INFO]: Setting user: Player213
[15:36:54] [Client thread/INFO]: LWJGL Version: 2.9.1
[15:37:06] [Client thread/INFO]: Reloading ResourceManager: Default, FMLFileResourcePack:Forge Mod Loader, FMLFileResourcePack:Minecraft Forge, FMLFileResourcePack:ElectroInductors, FMLFileResourcePack:Mekanism, FMLFileResourcePack:Forge Microblocks, FMLFileResourcePack:Forge Multipart, FMLFileResourcePack:Minecraft Multipart Plugin
[15:37:10] [Sound Library Loader/INFO]: Sound engine started
[15:37:12] [Client thread/INFO]: Created: 16x16 textures/blocks-atlas
[15:37:12] [Client thread/INFO]: Created: 16x16 textures/items-atlas
[15:37:13] [Client thread/INFO]: Reloading ResourceManager: Default, FMLFileResourcePack:Forge Mod Loader, FMLFileResourcePack:Minecraft Forge, FMLFileResourcePack:ElectroInductors, FMLFileResourcePack:Mekanism, FMLFileResourcePack:Forge Microblocks, FMLFileResourcePack:Forge Multipart, FMLFileResourcePack:Minecraft Multipart Plugin
[15:37:15] [Client thread/INFO]: Created: 1024x1024 textures/blocks-atlas
[15:37:15] [Client thread/INFO]: Created: 512x256 textures/items-atlas
[15:37:16] [Sound Library Loader/INFO]: Sound engine started
[15:37:26] [Server thread/INFO]: Starting integrated minecraft server version 1.7.10
[15:37:26] [Server thread/INFO]: Generating keypair
[15:37:28] [Server thread/INFO]: Preparing start region for level 0
[15:37:29] [Server thread/INFO]: Changing view distance to 8, from 10
[15:37:30] [Server thread/INFO]: Player213[local:E:b67e6e6d] logged in with entity id 193 at (-10.469321885300648, 70.0, 4.852315338827777)
[15:37:30] [Server thread/INFO]: Player213 joined the game
[15:37:31] [Server thread/INFO]: Saving and pausing game...
[15:37:31] [Server thread/INFO]: Saving chunks for level 'New World'/Overworld
[15:37:31] [Server thread/INFO]: Saving chunks for level 'New World'/Nether
[15:37:31] [Server thread/INFO]: Saving chunks for level 'New World'/The End
[15:37:42] [Server thread/INFO]: Player213 has just earned the achievement [Taking Inventory]
[15:37:42] [Client thread/INFO]: [CHAT] Player213 has just earned the achievement [Taking Inventory]
[15:39:21] [Server thread/INFO]: Saving and pausing game...
[15:39:21] [Server thread/INFO]: Saving chunks for level 'New World'/Overworld
[15:39:21] [Server thread/INFO]: Saving chunks for level 'New World'/Nether
[15:39:21] [Server thread/INFO]: Saving chunks for level 'New World'/The End
[15:39:23] [Client thread/INFO]: Stopping!
[15:39:23] [Server thread/INFO]: Stopping server
[15:39:23] [Server thread/INFO]: Saving players
[15:39:23] [Server thread/INFO]: Saving worlds
[15:39:23] [Server thread/INFO]: Saving chunks for level 'New World'/Overworld
[15:39:23] [Server thread/INFO]: Saving chunks for level 'New World'/Nether
[15:39:23] [Server thread/INFO]: Saving chunks for level 'New World'/The End
